{"level":"info","message":{"data":{},"time":"Sat Jan 27 2024 19:13:52 GMT+0530 (India Standard Time)","url":"/socket.io/?EIO=4&transport=polling&t=OrBAOqK"},"service":"user-service"}
{"level":"info","message":{"data":{},"time":"Sat Jan 27 2024 19:13:54 GMT+0530 (India Standard Time)","url":"/socket.io/?EIO=4&transport=polling&t=OrBAPoq"},"service":"user-service"}
{"level":"info","message":{"data":{},"time":"Sat Jan 27 2024 19:13:58 GMT+0530 (India Standard Time)","url":"/socket.io/?EIO=4&transport=polling&t=OrBAQnN"},"service":"user-service"}
{"level":"info","message":{"data":{},"time":"Sat Jan 27 2024 19:14:00 GMT+0530 (India Standard Time)","url":"/socket.io/?EIO=4&transport=polling&t=OrBARGa"},"service":"user-service"}
{"level":"info","message":{"data":{},"time":"Sat Jan 27 2024 19:14:04 GMT+0530 (India Standard Time)","url":"/socket.io/?EIO=4&transport=polling&t=OrBASF5"},"service":"user-service"}
{"level":"info","message":{"data":{},"time":"Sat Jan 27 2024 19:14:06 GMT+0530 (India Standard Time)","url":"/socket.io/?EIO=4&transport=polling&t=OrBASkK"},"service":"user-service"}
{"level":"info","message":{"data":{},"time":"Sat Jan 27 2024 19:14:10 GMT+0530 (India Standard Time)","url":"/socket.io/?EIO=4&transport=polling&t=OrBATir"},"service":"user-service"}
{"level":"info","message":{"data":{},"time":"Sat Jan 27 2024 19:14:11 GMT+0530 (India Standard Time)","url":"/apiDocs/"},"service":"user-service"}
{"level":"info","message":{"data":{},"time":"Sat Jan 27 2024 19:14:11 GMT+0530 (India Standard Time)","url":"/apiDocs/swagger-ui.css"},"service":"user-service"}
{"level":"info","message":{"data":{},"time":"Sat Jan 27 2024 19:14:11 GMT+0530 (India Standard Time)","url":"/apiDocs/swagger-ui-bundle.js"},"service":"user-service"}
{"level":"info","message":{"data":{},"time":"Sat Jan 27 2024 19:14:11 GMT+0530 (India Standard Time)","url":"/apiDocs/swagger-ui-standalone-preset.js"},"service":"user-service"}
{"level":"info","message":{"data":{},"time":"Sat Jan 27 2024 19:14:11 GMT+0530 (India Standard Time)","url":"/apiDocs/swagger-ui-init.js"},"service":"user-service"}
{"level":"info","message":{"data":{},"time":"Sat Jan 27 2024 19:14:12 GMT+0530 (India Standard Time)","url":"/socket.io/?EIO=4&transport=polling&t=OrBAUC4"},"service":"user-service"}
{"level":"info","message":{"data":{},"time":"Sat Jan 27 2024 19:14:16 GMT+0530 (India Standard Time)","url":"/socket.io/?EIO=4&transport=polling&t=OrBAVAd"},"service":"user-service"}
{"level":"info","message":{"data":{},"time":"Sat Jan 27 2024 19:14:18 GMT+0530 (India Standard Time)","url":"/socket.io/?EIO=4&transport=polling&t=OrBAVfr"},"service":"user-service"}
{"level":"info","message":{"data":{},"time":"Sat Jan 27 2024 19:14:22 GMT+0530 (India Standard Time)","url":"/socket.io/?EIO=4&transport=polling&t=OrBAWeM"},"service":"user-service"}
{"level":"info","message":{"data":{},"time":"Sat Jan 27 2024 19:14:24 GMT+0530 (India Standard Time)","url":"/socket.io/?EIO=4&transport=polling&t=OrBAX7b"},"service":"user-service"}
{"level":"info","message":{"data":{},"time":"Sat Jan 27 2024 19:14:28 GMT+0530 (India Standard Time)","url":"/socket.io/?EIO=4&transport=polling&t=OrBAY64"},"service":"user-service"}
{"level":"info","message":{"data":{},"time":"Sat Jan 27 2024 19:14:30 GMT+0530 (India Standard Time)","url":"/socket.io/?EIO=4&transport=polling&t=OrBAYbL"},"service":"user-service"}
{"level":"info","message":{"data":{},"time":"Sat Jan 27 2024 19:14:34 GMT+0530 (India Standard Time)","url":"/socket.io/?EIO=4&transport=polling&t=OrBAZZr"},"service":"user-service"}
{"level":"info","message":{"data":{},"time":"Sat Jan 27 2024 19:14:36 GMT+0530 (India Standard Time)","url":"/socket.io/?EIO=4&transport=polling&t=OrBAa36"},"service":"user-service"}
{"level":"info","message":{"data":{},"time":"Sat Jan 27 2024 19:14:40 GMT+0530 (India Standard Time)","url":"/socket.io/?EIO=4&transport=polling&t=OrBAb1b"},"service":"user-service"}
{"level":"info","message":{"data":{},"time":"Sat Jan 27 2024 19:14:42 GMT+0530 (India Standard Time)","url":"/socket.io/?EIO=4&transport=polling&t=OrBAbWr"},"service":"user-service"}
{"level":"info","message":{"data":{},"time":"Sat Jan 27 2024 19:14:46 GMT+0530 (India Standard Time)","url":"/socket.io/?EIO=4&transport=polling&t=OrBAcVL"},"service":"user-service"}
{"level":"info","message":{"data":{},"time":"Sat Jan 27 2024 19:14:48 GMT+0530 (India Standard Time)","url":"/socket.io/?EIO=4&transport=polling&t=OrBAc-b"},"service":"user-service"}
{"level":"info","message":{"data":{},"time":"Sat Jan 27 2024 19:14:52 GMT+0530 (India Standard Time)","url":"/socket.io/?EIO=4&transport=polling&t=OrBAdz5"},"service":"user-service"}
{"level":"info","message":{"data":{},"time":"Sat Jan 27 2024 19:14:54 GMT+0530 (India Standard Time)","url":"/socket.io/?EIO=4&transport=polling&t=OrBAeSL"},"service":"user-service"}
{"level":"info","message":{"data":{},"time":"Sat Jan 27 2024 19:14:58 GMT+0530 (India Standard Time)","url":"/socket.io/?EIO=4&transport=polling&t=OrBAfQq"},"service":"user-service"}
{"level":"info","message":{"data":{},"time":"Sat Jan 27 2024 19:15:00 GMT+0530 (India Standard Time)","url":"/socket.io/?EIO=4&transport=polling&t=OrBAfw5"},"service":"user-service"}
{"level":"info","message":{"data":{},"time":"Sat Jan 27 2024 19:15:04 GMT+0530 (India Standard Time)","url":"/socket.io/?EIO=4&transport=polling&t=OrBAgub"},"service":"user-service"}
{"level":"info","message":{"data":{},"time":"Sat Jan 27 2024 19:15:06 GMT+0530 (India Standard Time)","url":"/socket.io/?EIO=4&transport=polling&t=OrBAhNr"},"service":"user-service"}
{"level":"info","message":{"data":{},"time":"Sat Jan 27 2024 19:15:10 GMT+0530 (India Standard Time)","url":"/socket.io/?EIO=4&transport=polling&t=OrBAiML"},"service":"user-service"}
{"level":"info","message":{"data":{},"time":"Sat Jan 27 2024 19:15:12 GMT+0530 (India Standard Time)","url":"/socket.io/?EIO=4&transport=polling&t=OrBAirb"},"service":"user-service"}
{"level":"info","message":{"data":{},"time":"Sat Jan 27 2024 19:15:16 GMT+0530 (India Standard Time)","url":"/socket.io/?EIO=4&transport=polling&t=OrBAjq5"},"service":"user-service"}
{"level":"info","message":{"data":{},"time":"Sat Jan 27 2024 19:15:18 GMT+0530 (India Standard Time)","url":"/socket.io/?EIO=4&transport=polling&t=OrBAkJL"},"service":"user-service"}
{"level":"info","message":{"data":{},"time":"Sat Jan 27 2024 19:15:22 GMT+0530 (India Standard Time)","url":"/socket.io/?EIO=4&transport=polling&t=OrBAlHr"},"service":"user-service"}
{"level":"info","message":{"data":{},"time":"Sat Jan 27 2024 19:15:24 GMT+0530 (India Standard Time)","url":"/socket.io/?EIO=4&transport=polling&t=OrBAln5"},"service":"user-service"}
{"level":"info","message":{"data":{},"time":"Sat Jan 27 2024 19:15:28 GMT+0530 (India Standard Time)","url":"/socket.io/?EIO=4&transport=polling&t=OrBAmla"},"service":"user-service"}
{"level":"info","message":{"data":{},"time":"Sat Jan 27 2024 19:15:30 GMT+0530 (India Standard Time)","url":"/socket.io/?EIO=4&transport=polling&t=OrBAnEs"},"service":"user-service"}
{"level":"info","message":{"data":{},"time":"Sat Jan 27 2024 19:15:34 GMT+0530 (India Standard Time)","url":"/socket.io/?EIO=4&transport=polling&t=OrBAoDL"},"service":"user-service"}
{"level":"info","message":{"data":{},"time":"Sat Jan 27 2024 19:15:36 GMT+0530 (India Standard Time)","url":"/socket.io/?EIO=4&transport=polling&t=OrBAoib"},"service":"user-service"}
{"level":"info","message":{"data":{},"time":"Sat Jan 27 2024 19:15:40 GMT+0530 (India Standard Time)","url":"/socket.io/?EIO=4&transport=polling&t=OrBAph7"},"service":"user-service"}
{"level":"info","message":{"data":{},"time":"Sat Jan 27 2024 19:15:42 GMT+0530 (India Standard Time)","url":"/socket.io/?EIO=4&transport=polling&t=OrBAqAM"},"service":"user-service"}
{"level":"info","message":{"data":{},"time":"Sat Jan 27 2024 19:15:45 GMT+0530 (India Standard Time)","url":"/socket.io/?EIO=4&transport=polling&t=OrBAqvL"},"service":"user-service"}
{"level":"info","message":{"data":{},"time":"Sat Jan 27 2024 19:15:48 GMT+0530 (India Standard Time)","url":"/socket.io/?EIO=4&transport=polling&t=OrBAre4"},"service":"user-service"}
{"level":"info","message":{"data":{},"time":"Sat Jan 27 2024 19:15:51 GMT+0530 (India Standard Time)","url":"/socket.io/?EIO=4&transport=polling&t=OrBAsM-"},"service":"user-service"}
{"level":"info","message":{"data":{},"time":"Sat Jan 27 2024 19:15:54 GMT+0530 (India Standard Time)","url":"/socket.io/?EIO=4&transport=polling&t=OrBAt5s"},"service":"user-service"}
{"level":"info","message":{"data":{},"time":"Sat Jan 27 2024 19:15:57 GMT+0530 (India Standard Time)","url":"/socket.io/?EIO=4&transport=polling&t=OrBAtqj"},"service":"user-service"}
{"level":"info","message":{"data":{},"time":"Sat Jan 27 2024 19:16:00 GMT+0530 (India Standard Time)","url":"/socket.io/?EIO=4&transport=polling&t=OrBAuZb"},"service":"user-service"}
{"level":"info","message":{"data":{},"time":"Sat Jan 27 2024 19:16:03 GMT+0530 (India Standard Time)","url":"/socket.io/?EIO=4&transport=polling&t=OrBAvIT"},"service":"user-service"}
{"level":"info","message":{"data":{},"time":"Sat Jan 27 2024 19:16:06 GMT+0530 (India Standard Time)","url":"/socket.io/?EIO=4&transport=polling&t=OrBAw1L"},"service":"user-service"}
{"level":"info","message":{"data":{},"time":"Sat Jan 27 2024 19:16:09 GMT+0530 (India Standard Time)","url":"/socket.io/?EIO=4&transport=polling&t=OrBAwmF"},"service":"user-service"}
{"level":"info","message":{"data":{},"time":"Sat Jan 27 2024 19:16:12 GMT+0530 (India Standard Time)","url":"/socket.io/?EIO=4&transport=polling&t=OrBAxV6"},"service":"user-service"}
{"level":"info","message":{"data":{},"time":"Sat Jan 27 2024 19:16:15 GMT+0530 (India Standard Time)","url":"/socket.io/?EIO=4&transport=polling&t=OrBAyD_"},"service":"user-service"}
{"level":"info","message":{"data":{},"time":"Sat Jan 27 2024 19:16:18 GMT+0530 (India Standard Time)","url":"/socket.io/?EIO=4&transport=polling&t=OrBAyyr"},"service":"user-service"}
{"level":"info","message":{"data":{},"time":"Sat Jan 27 2024 19:16:21 GMT+0530 (India Standard Time)","url":"/socket.io/?EIO=4&transport=polling&t=OrBAzhj"},"service":"user-service"}
{"level":"info","message":{"data":{},"time":"Sat Jan 27 2024 19:16:24 GMT+0530 (India Standard Time)","url":"/socket.io/?EIO=4&transport=polling&t=OrBA-Qc"},"service":"user-service"}
{"level":"info","message":{"data":{},"time":"Sat Jan 27 2024 19:16:27 GMT+0530 (India Standard Time)","url":"/socket.io/?EIO=4&transport=polling&t=OrBA_9T"},"service":"user-service"}
{"level":"info","message":{"data":{},"time":"Sat Jan 27 2024 19:16:30 GMT+0530 (India Standard Time)","url":"/socket.io/?EIO=4&transport=polling&t=OrBA_uM"},"service":"user-service"}
{"level":"info","message":{"data":{},"time":"Sat Jan 27 2024 19:16:33 GMT+0530 (India Standard Time)","url":"/socket.io/?EIO=4&transport=polling&t=OrBB0dD"},"service":"user-service"}
{"level":"info","message":{"data":{},"time":"Sat Jan 27 2024 19:16:36 GMT+0530 (India Standard Time)","url":"/socket.io/?EIO=4&transport=polling&t=OrBB1M6"},"service":"user-service"}
{"level":"info","message":{"data":{},"time":"Sat Jan 27 2024 19:16:39 GMT+0530 (India Standard Time)","url":"/socket.io/?EIO=4&transport=polling&t=OrBB24z"},"service":"user-service"}
{"level":"info","message":{"data":{},"time":"Sat Jan 27 2024 19:16:42 GMT+0530 (India Standard Time)","url":"/socket.io/?EIO=4&transport=polling&t=OrBB2pr"},"service":"user-service"}
{"level":"info","message":{"data":{},"time":"Sat Jan 27 2024 19:16:45 GMT+0530 (India Standard Time)","url":"/socket.io/?EIO=4&transport=polling&t=OrBB3Yi"},"service":"user-service"}
{"level":"info","message":{"data":{},"time":"Sat Jan 27 2024 19:16:48 GMT+0530 (India Standard Time)","url":"/socket.io/?EIO=4&transport=polling&t=OrBB4Hc"},"service":"user-service"}
{"level":"info","message":{"data":{},"time":"Sat Jan 27 2024 19:16:51 GMT+0530 (India Standard Time)","url":"/socket.io/?EIO=4&transport=polling&t=OrBB50T"},"service":"user-service"}
{"level":"info","message":{"data":{},"time":"Sat Jan 27 2024 19:16:54 GMT+0530 (India Standard Time)","url":"/socket.io/?EIO=4&transport=polling&t=OrBB5lL"},"service":"user-service"}
{"level":"info","message":{"data":{},"time":"Sat Jan 27 2024 19:16:57 GMT+0530 (India Standard Time)","url":"/socket.io/?EIO=4&transport=polling&t=OrBB6UD"},"service":"user-service"}
{"level":"info","message":{"data":{},"time":"Sat Jan 27 2024 19:17:00 GMT+0530 (India Standard Time)","url":"/socket.io/?EIO=4&transport=polling&t=OrBB7DB"},"service":"user-service"}
{"level":"info","message":{"data":{},"time":"Sat Jan 27 2024 19:17:03 GMT+0530 (India Standard Time)","url":"/socket.io/?EIO=4&transport=polling&t=OrBB7x-"},"service":"user-service"}
{"level":"info","message":{"data":{},"time":"Sat Jan 27 2024 19:17:06 GMT+0530 (India Standard Time)","url":"/socket.io/?EIO=4&transport=polling&t=OrBB8gr"},"service":"user-service"}
{"level":"info","message":{"data":{},"time":"Sat Jan 27 2024 19:17:09 GMT+0530 (India Standard Time)","url":"/socket.io/?EIO=4&transport=polling&t=OrBB9Pk"},"service":"user-service"}
{"level":"info","message":{"data":{},"time":"Sat Jan 27 2024 19:17:12 GMT+0530 (India Standard Time)","url":"/socket.io/?EIO=4&transport=polling&t=OrBBA8b"},"service":"user-service"}
{"level":"info","message":{"data":{},"time":"Sat Jan 27 2024 19:17:15 GMT+0530 (India Standard Time)","url":"/socket.io/?EIO=4&transport=polling&t=OrBBAtT"},"service":"user-service"}
{"level":"info","message":{"data":{},"time":"Sat Jan 27 2024 19:17:18 GMT+0530 (India Standard Time)","url":"/socket.io/?EIO=4&transport=polling&t=OrBBBcL"},"service":"user-service"}
{"level":"info","message":{"data":{},"time":"Sat Jan 27 2024 19:17:21 GMT+0530 (India Standard Time)","url":"/socket.io/?EIO=4&transport=polling&t=OrBBCLD"},"service":"user-service"}
{"level":"info","message":{"data":{},"time":"Sat Jan 27 2024 19:17:24 GMT+0530 (India Standard Time)","url":"/socket.io/?EIO=4&transport=polling&t=OrBBD45"},"service":"user-service"}
{"level":"info","message":{"data":{},"time":"Sat Jan 27 2024 19:17:27 GMT+0530 (India Standard Time)","url":"/socket.io/?EIO=4&transport=polling&t=OrBBDoz"},"service":"user-service"}
{"level":"info","message":{"data":{},"time":"Sat Jan 27 2024 19:17:30 GMT+0530 (India Standard Time)","url":"/socket.io/?EIO=4&transport=polling&t=OrBBEXr"},"service":"user-service"}
{"level":"info","message":{"data":{},"time":"Sat Jan 27 2024 19:17:33 GMT+0530 (India Standard Time)","url":"/socket.io/?EIO=4&transport=polling&t=OrBBFGj"},"service":"user-service"}
{"level":"info","message":{"data":{},"time":"Sat Jan 27 2024 19:17:36 GMT+0530 (India Standard Time)","url":"/socket.io/?EIO=4&transport=polling&t=OrBBF_a"},"service":"user-service"}
{"level":"info","message":{"data":{},"time":"Sat Jan 27 2024 19:17:39 GMT+0530 (India Standard Time)","url":"/socket.io/?EIO=4&transport=polling&t=OrBBGkT"},"service":"user-service"}
{"level":"info","message":{"data":{},"time":"Sat Jan 27 2024 19:17:42 GMT+0530 (India Standard Time)","url":"/socket.io/?EIO=4&transport=polling&t=OrBBHTK"},"service":"user-service"}
{"level":"info","message":{"data":{},"time":"Sat Jan 27 2024 19:17:45 GMT+0530 (India Standard Time)","url":"/socket.io/?EIO=4&transport=polling&t=OrBBICE"},"service":"user-service"}
{"level":"info","message":{"data":{},"time":"Sat Jan 27 2024 19:17:48 GMT+0530 (India Standard Time)","url":"/socket.io/?EIO=4&transport=polling&t=OrBBIx5"},"service":"user-service"}
{"level":"info","message":{"data":{},"time":"Sat Jan 27 2024 19:17:51 GMT+0530 (India Standard Time)","url":"/socket.io/?EIO=4&transport=polling&t=OrBBJfz"},"service":"user-service"}
{"level":"info","message":{"data":{},"time":"Sat Jan 27 2024 19:17:54 GMT+0530 (India Standard Time)","url":"/socket.io/?EIO=4&transport=polling&t=OrBBKOq"},"service":"user-service"}
{"level":"info","message":{"data":{},"time":"Sat Jan 27 2024 19:17:57 GMT+0530 (India Standard Time)","url":"/socket.io/?EIO=4&transport=polling&t=OrBBL7k"},"service":"user-service"}
{"level":"info","message":{"data":{},"time":"Sat Jan 27 2024 19:18:00 GMT+0530 (India Standard Time)","url":"/socket.io/?EIO=4&transport=polling&t=OrBBLsb"},"service":"user-service"}
{"level":"info","message":{"data":{},"time":"Sat Jan 27 2024 19:18:03 GMT+0530 (India Standard Time)","url":"/socket.io/?EIO=4&transport=polling&t=OrBBMbT"},"service":"user-service"}
{"level":"info","message":{"data":{},"time":"Sat Jan 27 2024 19:18:06 GMT+0530 (India Standard Time)","url":"/socket.io/?EIO=4&transport=polling&t=OrBBNKL"},"service":"user-service"}
{"level":"info","message":{"data":{},"time":"Sat Jan 27 2024 19:18:09 GMT+0530 (India Standard Time)","url":"/socket.io/?EIO=4&transport=polling&t=OrBBO3C"},"service":"user-service"}
{"level":"info","message":{"data":{},"time":"Sat Jan 27 2024 19:18:12 GMT+0530 (India Standard Time)","url":"/socket.io/?EIO=4&transport=polling&t=OrBBOo5"},"service":"user-service"}
{"level":"info","message":{"data":{},"time":"Sat Jan 27 2024 19:18:15 GMT+0530 (India Standard Time)","url":"/socket.io/?EIO=4&transport=polling&t=OrBBPWz"},"service":"user-service"}
{"level":"info","message":{"data":{},"time":"Sat Jan 27 2024 19:18:18 GMT+0530 (India Standard Time)","url":"/socket.io/?EIO=4&transport=polling&t=OrBBQFr"},"service":"user-service"}
{"level":"info","message":{"data":{},"time":"Sat Jan 27 2024 19:18:21 GMT+0530 (India Standard Time)","url":"/socket.io/?EIO=4&transport=polling&t=OrBBQ-i"},"service":"user-service"}
{"level":"info","message":{"data":{},"time":"Sat Jan 27 2024 19:18:24 GMT+0530 (India Standard Time)","url":"/socket.io/?EIO=4&transport=polling&t=OrBBRjc"},"service":"user-service"}
{"level":"info","message":{"data":{},"time":"Sat Jan 27 2024 19:18:27 GMT+0530 (India Standard Time)","url":"/socket.io/?EIO=4&transport=polling&t=OrBBSSS"},"service":"user-service"}
{"level":"info","message":{"data":{},"time":"Sat Jan 27 2024 19:18:30 GMT+0530 (India Standard Time)","url":"/socket.io/?EIO=4&transport=polling&t=OrBBTBM"},"service":"user-service"}
{"level":"info","message":{"data":{},"time":"Sat Jan 27 2024 19:18:33 GMT+0530 (India Standard Time)","url":"/socket.io/?EIO=4&transport=polling&t=OrBBTwC"},"service":"user-service"}
{"level":"info","message":{"data":{},"time":"Sat Jan 27 2024 19:18:36 GMT+0530 (India Standard Time)","url":"/socket.io/?EIO=4&transport=polling&t=OrBBUf5"},"service":"user-service"}
{"level":"info","message":{"data":{},"time":"Sat Jan 27 2024 19:18:39 GMT+0530 (India Standard Time)","url":"/socket.io/?EIO=4&transport=polling&t=OrBBVNz"},"service":"user-service"}
{"level":"info","message":{"data":{},"time":"Sat Jan 27 2024 19:18:42 GMT+0530 (India Standard Time)","url":"/socket.io/?EIO=4&transport=polling&t=OrBBW6q"},"service":"user-service"}
{"level":"info","message":{"data":{},"time":"Sat Jan 27 2024 19:18:45 GMT+0530 (India Standard Time)","url":"/socket.io/?EIO=4&transport=polling&t=OrBBWri"},"service":"user-service"}
{"level":"info","message":{"data":{},"time":"Sat Jan 27 2024 19:18:48 GMT+0530 (India Standard Time)","url":"/socket.io/?EIO=4&transport=polling&t=OrBBXab"},"service":"user-service"}
{"level":"info","message":{"data":{},"time":"Sat Jan 27 2024 19:18:51 GMT+0530 (India Standard Time)","url":"/socket.io/?EIO=4&transport=polling&t=OrBBYJS"},"service":"user-service"}
{"level":"info","message":{"data":{},"time":"Sat Jan 27 2024 19:18:54 GMT+0530 (India Standard Time)","url":"/socket.io/?EIO=4&transport=polling&t=OrBBZ2L"},"service":"user-service"}
{"level":"info","message":{"data":{},"time":"Sat Jan 27 2024 19:18:57 GMT+0530 (India Standard Time)","url":"/socket.io/?EIO=4&transport=polling&t=OrBBZnD"},"service":"user-service"}
{"level":"info","message":{"data":{},"time":"Sat Jan 27 2024 19:19:00 GMT+0530 (India Standard Time)","url":"/socket.io/?EIO=4&transport=polling&t=OrBBaW5"},"service":"user-service"}
{"level":"info","message":{"data":{},"time":"Sat Jan 27 2024 19:19:03 GMT+0530 (India Standard Time)","url":"/socket.io/?EIO=4&transport=polling&t=OrBBbEz"},"service":"user-service"}
{"level":"info","message":{"data":{},"time":"Sat Jan 27 2024 19:19:06 GMT+0530 (India Standard Time)","url":"/socket.io/?EIO=4&transport=polling&t=OrBBbzr"},"service":"user-service"}
{"level":"info","message":{"data":{},"time":"Sat Jan 27 2024 19:19:09 GMT+0530 (India Standard Time)","url":"/socket.io/?EIO=4&transport=polling&t=OrBBcij"},"service":"user-service"}
{"level":"info","message":{"data":{},"time":"Sat Jan 27 2024 19:19:12 GMT+0530 (India Standard Time)","url":"/socket.io/?EIO=4&transport=polling&t=OrBBdRc"},"service":"user-service"}
{"level":"info","message":{"data":{},"time":"Sat Jan 27 2024 19:19:15 GMT+0530 (India Standard Time)","url":"/socket.io/?EIO=4&transport=polling&t=OrBBeAT"},"service":"user-service"}
{"level":"info","message":{"data":{},"time":"Sat Jan 27 2024 19:19:18 GMT+0530 (India Standard Time)","url":"/socket.io/?EIO=4&transport=polling&t=OrBBevL"},"service":"user-service"}
{"level":"info","message":{"data":{},"time":"Sat Jan 27 2024 19:19:21 GMT+0530 (India Standard Time)","url":"/socket.io/?EIO=4&transport=polling&t=OrBBfeD"},"service":"user-service"}
{"level":"info","message":{"data":{},"time":"Sat Jan 27 2024 19:19:24 GMT+0530 (India Standard Time)","url":"/socket.io/?EIO=4&transport=polling&t=OrBBgN6"},"service":"user-service"}
{"level":"info","message":{"data":{},"time":"Sat Jan 27 2024 19:19:27 GMT+0530 (India Standard Time)","url":"/socket.io/?EIO=4&transport=polling&t=OrBBh5-"},"service":"user-service"}
{"level":"info","message":{"data":{},"time":"Sat Jan 27 2024 19:19:30 GMT+0530 (India Standard Time)","url":"/socket.io/?EIO=4&transport=polling&t=OrBBhqr"},"service":"user-service"}
{"level":"info","message":{"data":{},"time":"Sat Jan 27 2024 19:19:33 GMT+0530 (India Standard Time)","url":"/socket.io/?EIO=4&transport=polling&t=OrBBiZk"},"service":"user-service"}
{"level":"info","message":{"data":{},"time":"Sat Jan 27 2024 19:19:36 GMT+0530 (India Standard Time)","url":"/socket.io/?EIO=4&transport=polling&t=OrBBjIb"},"service":"user-service"}
{"level":"info","message":{"data":{},"time":"Sat Jan 27 2024 19:19:39 GMT+0530 (India Standard Time)","url":"/socket.io/?EIO=4&transport=polling&t=OrBBk1T"},"service":"user-service"}
{"level":"info","message":{"data":{},"time":"Sat Jan 27 2024 19:19:42 GMT+0530 (India Standard Time)","url":"/socket.io/?EIO=4&transport=polling&t=OrBBkmL"},"service":"user-service"}
{"level":"info","message":{"data":{},"time":"Sat Jan 27 2024 19:19:45 GMT+0530 (India Standard Time)","url":"/socket.io/?EIO=4&transport=polling&t=OrBBlVD"},"service":"user-service"}
{"level":"info","message":{"data":{},"time":"Sat Jan 27 2024 19:19:48 GMT+0530 (India Standard Time)","url":"/socket.io/?EIO=4&transport=polling&t=OrBBmE6"},"service":"user-service"}
{"level":"info","message":{"data":{},"time":"Sat Jan 27 2024 19:19:51 GMT+0530 (India Standard Time)","url":"/socket.io/?EIO=4&transport=polling&t=OrBBmy-"},"service":"user-service"}
{"level":"info","message":{"data":{},"time":"Sat Jan 27 2024 19:19:54 GMT+0530 (India Standard Time)","url":"/socket.io/?EIO=4&transport=polling&t=OrBBnhs"},"service":"user-service"}
{"level":"info","message":{"data":{},"time":"Sat Jan 27 2024 19:19:57 GMT+0530 (India Standard Time)","url":"/socket.io/?EIO=4&transport=polling&t=OrBBoQj"},"service":"user-service"}
{"level":"info","message":{"data":{},"time":"Sat Jan 27 2024 19:20:00 GMT+0530 (India Standard Time)","url":"/socket.io/?EIO=4&transport=polling&t=OrBBp9b"},"service":"user-service"}
{"level":"info","message":{"data":{},"time":"Sat Jan 27 2024 19:20:03 GMT+0530 (India Standard Time)","url":"/socket.io/?EIO=4&transport=polling&t=OrBBpuT"},"service":"user-service"}
{"level":"info","message":{"data":{},"time":"Sat Jan 27 2024 19:20:06 GMT+0530 (India Standard Time)","url":"/socket.io/?EIO=4&transport=polling&t=OrBBqdL"},"service":"user-service"}
{"level":"info","message":{"data":{},"time":"Sat Jan 27 2024 19:20:09 GMT+0530 (India Standard Time)","url":"/socket.io/?EIO=4&transport=polling&t=OrBBrMD"},"service":"user-service"}
{"level":"info","message":{"data":{},"time":"Sat Jan 27 2024 19:20:12 GMT+0530 (India Standard Time)","url":"/socket.io/?EIO=4&transport=polling&t=OrBBs54"},"service":"user-service"}
{"level":"info","message":{"data":{},"time":"Sat Jan 27 2024 19:20:15 GMT+0530 (India Standard Time)","url":"/socket.io/?EIO=4&transport=polling&t=OrBBspz"},"service":"user-service"}
{"level":"info","message":{"data":{},"time":"Sat Jan 27 2024 19:20:18 GMT+0530 (India Standard Time)","url":"/socket.io/?EIO=4&transport=polling&t=OrBBtYs"},"service":"user-service"}
{"level":"info","message":{"data":{},"time":"Sat Jan 27 2024 19:20:21 GMT+0530 (India Standard Time)","url":"/socket.io/?EIO=4&transport=polling&t=OrBBuHj"},"service":"user-service"}
{"level":"info","message":{"data":{},"time":"Sat Jan 27 2024 19:20:24 GMT+0530 (India Standard Time)","url":"/socket.io/?EIO=4&transport=polling&t=OrBBv0d"},"service":"user-service"}
{"level":"info","message":{"data":{},"time":"Sat Jan 27 2024 19:20:27 GMT+0530 (India Standard Time)","url":"/socket.io/?EIO=4&transport=polling&t=OrBBvlT"},"service":"user-service"}
{"level":"info","message":{"data":{},"time":"Sat Jan 27 2024 19:20:30 GMT+0530 (India Standard Time)","url":"/socket.io/?EIO=4&transport=polling&t=OrBBwUQ"},"service":"user-service"}
{"level":"info","message":{"data":{},"time":"Sat Jan 27 2024 19:20:33 GMT+0530 (India Standard Time)","url":"/socket.io/?EIO=4&transport=polling&t=OrBBxDD"},"service":"user-service"}
{"level":"info","message":{"data":{},"time":"Sat Jan 27 2024 19:20:36 GMT+0530 (India Standard Time)","url":"/socket.io/?EIO=4&transport=polling&t=OrBBxy5"},"service":"user-service"}
{"level":"info","message":{"data":{},"time":"Sat Jan 27 2024 19:20:39 GMT+0530 (India Standard Time)","url":"/socket.io/?EIO=4&transport=polling&t=OrBBygz"},"service":"user-service"}
{"level":"info","message":{"data":{},"time":"Sat Jan 27 2024 19:20:42 GMT+0530 (India Standard Time)","url":"/socket.io/?EIO=4&transport=polling&t=OrBBzPr"},"service":"user-service"}
{"level":"info","message":{"data":{},"time":"Sat Jan 27 2024 19:20:45 GMT+0530 (India Standard Time)","url":"/socket.io/?EIO=4&transport=polling&t=OrBB-8j"},"service":"user-service"}
{"level":"info","message":{"data":{},"time":"Sat Jan 27 2024 19:20:48 GMT+0530 (India Standard Time)","url":"/socket.io/?EIO=4&transport=polling&t=OrBB-tc"},"service":"user-service"}
{"level":"info","message":{"data":{},"time":"Sat Jan 27 2024 19:20:51 GMT+0530 (India Standard Time)","url":"/socket.io/?EIO=4&transport=polling&t=OrBB_cT"},"service":"user-service"}
{"level":"info","message":{"data":{},"time":"Sat Jan 27 2024 19:20:54 GMT+0530 (India Standard Time)","url":"/socket.io/?EIO=4&transport=polling&t=OrBC0LL"},"service":"user-service"}
{"level":"info","message":{"data":{},"time":"Sat Jan 27 2024 19:20:57 GMT+0530 (India Standard Time)","url":"/socket.io/?EIO=4&transport=polling&t=OrBC14C"},"service":"user-service"}
{"level":"info","message":{"data":{},"time":"Sat Jan 27 2024 19:21:00 GMT+0530 (India Standard Time)","url":"/socket.io/?EIO=4&transport=polling&t=OrBC1p7"},"service":"user-service"}
{"level":"info","message":{"data":{},"time":"Sat Jan 27 2024 19:21:03 GMT+0530 (India Standard Time)","url":"/socket.io/?EIO=4&transport=polling&t=OrBC2Xy"},"service":"user-service"}
{"level":"info","message":{"data":{},"time":"Sat Jan 27 2024 19:21:06 GMT+0530 (India Standard Time)","url":"/socket.io/?EIO=4&transport=polling&t=OrBC3Gr"},"service":"user-service"}
{"level":"info","message":{"data":{},"time":"Sat Jan 27 2024 19:21:09 GMT+0530 (India Standard Time)","url":"/socket.io/?EIO=4&transport=polling&t=OrBC3_j"},"service":"user-service"}
{"level":"info","message":{"data":{},"time":"Sat Jan 27 2024 19:21:12 GMT+0530 (India Standard Time)","url":"/socket.io/?EIO=4&transport=polling&t=OrBC4kc"},"service":"user-service"}
{"level":"info","message":{"data":{},"time":"Sat Jan 27 2024 19:21:15 GMT+0530 (India Standard Time)","url":"/socket.io/?EIO=4&transport=polling&t=OrBC5TS"},"service":"user-service"}
{"level":"info","message":{"data":{},"time":"Sat Jan 27 2024 19:21:18 GMT+0530 (India Standard Time)","url":"/socket.io/?EIO=4&transport=polling&t=OrBC6CM"},"service":"user-service"}
{"level":"info","message":{"data":{},"time":"Sat Jan 27 2024 19:21:21 GMT+0530 (India Standard Time)","url":"/socket.io/?EIO=4&transport=polling&t=OrBC6xC"},"service":"user-service"}
{"level":"info","message":{"data":{},"time":"Sat Jan 27 2024 19:21:24 GMT+0530 (India Standard Time)","url":"/socket.io/?EIO=4&transport=polling&t=OrBC7g4"},"service":"user-service"}
{"level":"info","message":{"data":{},"time":"Sat Jan 27 2024 19:21:27 GMT+0530 (India Standard Time)","url":"/socket.io/?EIO=4&transport=polling&t=OrBC8Oz"},"service":"user-service"}
{"level":"info","message":{"data":{},"time":"Sat Jan 27 2024 19:21:30 GMT+0530 (India Standard Time)","url":"/socket.io/?EIO=4&transport=polling&t=OrBC97r"},"service":"user-service"}
{"level":"info","message":{"data":{},"time":"Sat Jan 27 2024 19:21:33 GMT+0530 (India Standard Time)","url":"/socket.io/?EIO=4&transport=polling&t=OrBC9si"},"service":"user-service"}
{"level":"info","message":{"data":{},"time":"Sat Jan 27 2024 19:21:36 GMT+0530 (India Standard Time)","url":"/socket.io/?EIO=4&transport=polling&t=OrBCAbb"},"service":"user-service"}
{"level":"info","message":{"data":{},"time":"Sat Jan 27 2024 19:21:39 GMT+0530 (India Standard Time)","url":"/socket.io/?EIO=4&transport=polling&t=OrBCBKT"},"service":"user-service"}
{"level":"info","message":{"data":{},"time":"Sat Jan 27 2024 19:21:42 GMT+0530 (India Standard Time)","url":"/socket.io/?EIO=4&transport=polling&t=OrBCC3L"},"service":"user-service"}
{"level":"info","message":{"data":{},"time":"Sat Jan 27 2024 19:21:45 GMT+0530 (India Standard Time)","url":"/socket.io/?EIO=4&transport=polling&t=OrBCCoC"},"service":"user-service"}
{"level":"info","message":{"data":{},"time":"Sat Jan 27 2024 19:21:48 GMT+0530 (India Standard Time)","url":"/socket.io/?EIO=4&transport=polling&t=OrBCDX6"},"service":"user-service"}
{"level":"info","message":{"data":{},"time":"Sat Jan 27 2024 19:21:51 GMT+0530 (India Standard Time)","url":"/socket.io/?EIO=4&transport=polling&t=OrBCEFz"},"service":"user-service"}
{"level":"info","message":{"data":{},"time":"Sat Jan 27 2024 19:21:54 GMT+0530 (India Standard Time)","url":"/socket.io/?EIO=4&transport=polling&t=OrBCE-q"},"service":"user-service"}
{"level":"info","message":{"data":{},"time":"Sat Jan 27 2024 19:21:57 GMT+0530 (India Standard Time)","url":"/socket.io/?EIO=4&transport=polling&t=OrBCFji"},"service":"user-service"}
{"level":"info","message":{"data":{},"time":"Sat Jan 27 2024 19:22:00 GMT+0530 (India Standard Time)","url":"/socket.io/?EIO=4&transport=polling&t=OrBCGSb"},"service":"user-service"}
{"level":"info","message":{"data":{},"time":"Sat Jan 27 2024 19:22:03 GMT+0530 (India Standard Time)","url":"/socket.io/?EIO=4&transport=polling&t=OrBCHBT"},"service":"user-service"}
{"level":"info","message":{"data":{},"time":"Sat Jan 27 2024 19:22:06 GMT+0530 (India Standard Time)","url":"/socket.io/?EIO=4&transport=polling&t=OrBCHwL"},"service":"user-service"}
{"level":"info","message":{"data":{},"time":"Sat Jan 27 2024 19:22:09 GMT+0530 (India Standard Time)","url":"/socket.io/?EIO=4&transport=polling&t=OrBCIfD"},"service":"user-service"}
{"level":"info","message":{"data":{},"time":"Sat Jan 27 2024 19:22:12 GMT+0530 (India Standard Time)","url":"/socket.io/?EIO=4&transport=polling&t=OrBCJO5"},"service":"user-service"}
{"level":"info","message":{"data":{},"time":"Sat Jan 27 2024 19:22:15 GMT+0530 (India Standard Time)","url":"/socket.io/?EIO=4&transport=polling&t=OrBCK6z"},"service":"user-service"}
{"level":"info","message":{"data":{},"time":"Sat Jan 27 2024 19:22:18 GMT+0530 (India Standard Time)","url":"/socket.io/?EIO=4&transport=polling&t=OrBCKrq"},"service":"user-service"}
{"level":"info","message":{"data":{},"time":"Sat Jan 27 2024 19:22:21 GMT+0530 (India Standard Time)","url":"/socket.io/?EIO=4&transport=polling&t=OrBCLai"},"service":"user-service"}
{"level":"info","message":{"data":{},"time":"Sat Jan 27 2024 19:22:24 GMT+0530 (India Standard Time)","url":"/socket.io/?EIO=4&transport=polling&t=OrBCMJb"},"service":"user-service"}
{"level":"info","message":{"data":{},"time":"Sat Jan 27 2024 19:22:27 GMT+0530 (India Standard Time)","url":"/socket.io/?EIO=4&transport=polling&t=OrBCN2S"},"service":"user-service"}
{"level":"info","message":{"data":{},"time":"Sat Jan 27 2024 19:22:30 GMT+0530 (India Standard Time)","url":"/socket.io/?EIO=4&transport=polling&t=OrBCNnL"},"service":"user-service"}
{"level":"info","message":{"data":{},"time":"Sat Jan 27 2024 19:22:33 GMT+0530 (India Standard Time)","url":"/socket.io/?EIO=4&transport=polling&t=OrBCOWD"},"service":"user-service"}
{"level":"info","message":{"data":{},"time":"Sat Jan 27 2024 19:22:36 GMT+0530 (India Standard Time)","url":"/socket.io/?EIO=4&transport=polling&t=OrBCPF6"},"service":"user-service"}
{"level":"info","message":{"data":{},"time":"Sat Jan 27 2024 19:22:39 GMT+0530 (India Standard Time)","url":"/socket.io/?EIO=4&transport=polling&t=OrBCPzy"},"service":"user-service"}
{"level":"info","message":{"data":{},"time":"Sat Jan 27 2024 19:22:42 GMT+0530 (India Standard Time)","url":"/socket.io/?EIO=4&transport=polling&t=OrBCQir"},"service":"user-service"}
{"level":"info","message":{"data":{},"time":"Sat Jan 27 2024 19:22:45 GMT+0530 (India Standard Time)","url":"/socket.io/?EIO=4&transport=polling&t=OrBCRRj"},"service":"user-service"}
{"level":"info","message":{"data":{},"time":"Sat Jan 27 2024 19:22:48 GMT+0530 (India Standard Time)","url":"/socket.io/?EIO=4&transport=polling&t=OrBCSAb"},"service":"user-service"}
{"level":"info","message":{"data":{},"time":"Sat Jan 27 2024 19:22:51 GMT+0530 (India Standard Time)","url":"/socket.io/?EIO=4&transport=polling&t=OrBCSvU"},"service":"user-service"}
{"level":"info","message":{"data":{},"time":"Sat Jan 27 2024 19:22:54 GMT+0530 (India Standard Time)","url":"/socket.io/?EIO=4&transport=polling&t=OrBCTeM"},"service":"user-service"}
{"level":"info","message":{"data":{},"time":"Sat Jan 27 2024 19:22:57 GMT+0530 (India Standard Time)","url":"/socket.io/?EIO=4&transport=polling&t=OrBCUND"},"service":"user-service"}
{"level":"info","message":{"data":{},"time":"Sat Jan 27 2024 19:23:00 GMT+0530 (India Standard Time)","url":"/socket.io/?EIO=4&transport=polling&t=OrBCV65"},"service":"user-service"}
{"level":"info","message":{"data":{},"time":"Sat Jan 27 2024 19:23:03 GMT+0530 (India Standard Time)","url":"/socket.io/?EIO=4&transport=polling&t=OrBCVqz"},"service":"user-service"}
{"level":"info","message":{"data":{},"time":"Sat Jan 27 2024 19:23:06 GMT+0530 (India Standard Time)","url":"/socket.io/?EIO=4&transport=polling&t=OrBCWZs"},"service":"user-service"}
{"level":"info","message":{"data":{},"time":"Sat Jan 27 2024 19:23:09 GMT+0530 (India Standard Time)","url":"/socket.io/?EIO=4&transport=polling&t=OrBCXIj"},"service":"user-service"}
{"level":"info","message":{"data":{},"time":"Sat Jan 27 2024 19:23:12 GMT+0530 (India Standard Time)","url":"/socket.io/?EIO=4&transport=polling&t=OrBCY1c"},"service":"user-service"}
{"level":"info","message":{"data":{},"time":"Sat Jan 27 2024 19:23:15 GMT+0530 (India Standard Time)","url":"/socket.io/?EIO=4&transport=polling&t=OrBCYmT"},"service":"user-service"}
{"level":"info","message":{"data":{},"time":"Sat Jan 27 2024 19:23:18 GMT+0530 (India Standard Time)","url":"/socket.io/?EIO=4&transport=polling&t=OrBCZVL"},"service":"user-service"}
{"level":"info","message":{"data":{},"time":"Sat Jan 27 2024 19:23:21 GMT+0530 (India Standard Time)","url":"/socket.io/?EIO=4&transport=polling&t=OrBCaED"},"service":"user-service"}
{"level":"info","message":{"data":{},"time":"Sat Jan 27 2024 19:23:24 GMT+0530 (India Standard Time)","url":"/socket.io/?EIO=4&transport=polling&t=OrBCaz4"},"service":"user-service"}
{"level":"info","message":{"data":{},"time":"Sat Jan 27 2024 19:23:27 GMT+0530 (India Standard Time)","url":"/socket.io/?EIO=4&transport=polling&t=OrBCbhy"},"service":"user-service"}
{"level":"info","message":{"data":{},"time":"Sat Jan 27 2024 19:23:30 GMT+0530 (India Standard Time)","url":"/socket.io/?EIO=4&transport=polling&t=OrBCcQs"},"service":"user-service"}
{"level":"info","message":{"data":{},"time":"Sat Jan 27 2024 19:23:33 GMT+0530 (India Standard Time)","url":"/socket.io/?EIO=4&transport=polling&t=OrBCd9i"},"service":"user-service"}
{"level":"info","message":{"data":{},"time":"Sat Jan 27 2024 19:23:36 GMT+0530 (India Standard Time)","url":"/socket.io/?EIO=4&transport=polling&t=OrBCduc"},"service":"user-service"}
{"level":"info","message":{"data":{},"time":"Sat Jan 27 2024 19:23:39 GMT+0530 (India Standard Time)","url":"/socket.io/?EIO=4&transport=polling&t=OrBCedT"},"service":"user-service"}
{"level":"info","message":{"data":{},"time":"Sat Jan 27 2024 19:23:42 GMT+0530 (India Standard Time)","url":"/socket.io/?EIO=4&transport=polling&t=OrBCfML"},"service":"user-service"}
{"level":"info","message":{"data":{},"time":"Sat Jan 27 2024 19:23:45 GMT+0530 (India Standard Time)","url":"/socket.io/?EIO=4&transport=polling&t=OrBCg5D"},"service":"user-service"}
{"level":"info","message":{"data":{},"time":"Sat Jan 27 2024 19:23:48 GMT+0530 (India Standard Time)","url":"/socket.io/?EIO=4&transport=polling&t=OrBCgq6"},"service":"user-service"}
{"level":"info","message":{"data":{},"time":"Sat Jan 27 2024 19:23:51 GMT+0530 (India Standard Time)","url":"/socket.io/?EIO=4&transport=polling&t=OrBChYy"},"service":"user-service"}
{"level":"info","message":{"data":{},"time":"Sat Jan 27 2024 19:23:54 GMT+0530 (India Standard Time)","url":"/socket.io/?EIO=4&transport=polling&t=OrBCiHs"},"service":"user-service"}
{"level":"info","message":{"data":{},"time":"Sat Jan 27 2024 19:23:57 GMT+0530 (India Standard Time)","url":"/socket.io/?EIO=4&transport=polling&t=OrBCj0j"},"service":"user-service"}
{"level":"info","message":{"data":{},"time":"Sat Jan 27 2024 19:24:00 GMT+0530 (India Standard Time)","url":"/socket.io/?EIO=4&transport=polling&t=OrBCjlb"},"service":"user-service"}
{"level":"info","message":{"data":{},"time":"Sat Jan 27 2024 19:24:03 GMT+0530 (India Standard Time)","url":"/socket.io/?EIO=4&transport=polling&t=OrBCkUS"},"service":"user-service"}
{"level":"info","message":{"data":{},"time":"Sat Jan 27 2024 19:24:06 GMT+0530 (India Standard Time)","url":"/socket.io/?EIO=4&transport=polling&t=OrBClDK"},"service":"user-service"}
{"level":"info","message":{"data":{},"time":"Sat Jan 27 2024 19:24:09 GMT+0530 (India Standard Time)","url":"/socket.io/?EIO=4&transport=polling&t=OrBClyD"},"service":"user-service"}
{"level":"info","message":{"data":{},"time":"Sat Jan 27 2024 19:24:12 GMT+0530 (India Standard Time)","url":"/socket.io/?EIO=4&transport=polling&t=OrBCmh7"},"service":"user-service"}
{"level":"info","message":{"data":{},"time":"Sat Jan 27 2024 19:24:15 GMT+0530 (India Standard Time)","url":"/socket.io/?EIO=4&transport=polling&t=OrBCnPy"},"service":"user-service"}
{"level":"info","message":{"data":{},"time":"Sat Jan 27 2024 19:24:18 GMT+0530 (India Standard Time)","url":"/socket.io/?EIO=4&transport=polling&t=OrBCo8r"},"service":"user-service"}
{"level":"info","message":{"data":{},"time":"Sat Jan 27 2024 19:24:21 GMT+0530 (India Standard Time)","url":"/socket.io/?EIO=4&transport=polling&t=OrBCotj"},"service":"user-service"}
{"level":"info","message":{"data":{},"time":"Sat Jan 27 2024 19:24:24 GMT+0530 (India Standard Time)","url":"/socket.io/?EIO=4&transport=polling&t=OrBCpcb"},"service":"user-service"}
{"level":"info","message":{"data":{},"time":"Sat Jan 27 2024 19:24:27 GMT+0530 (India Standard Time)","url":"/socket.io/?EIO=4&transport=polling&t=OrBCqLT"},"service":"user-service"}
{"level":"info","message":{"data":{},"time":"Sat Jan 27 2024 19:24:30 GMT+0530 (India Standard Time)","url":"/socket.io/?EIO=4&transport=polling&t=OrBCr4L"},"service":"user-service"}
{"level":"info","message":{"data":{},"time":"Sat Jan 27 2024 19:24:33 GMT+0530 (India Standard Time)","url":"/socket.io/?EIO=4&transport=polling&t=OrBCrpC"},"service":"user-service"}
{"level":"info","message":{"data":{},"time":"Sat Jan 27 2024 19:24:36 GMT+0530 (India Standard Time)","url":"/socket.io/?EIO=4&transport=polling&t=OrBCsY5"},"service":"user-service"}
{"level":"info","message":{"data":{},"time":"Sat Jan 27 2024 19:24:39 GMT+0530 (India Standard Time)","url":"/socket.io/?EIO=4&transport=polling&t=OrBCtGz"},"service":"user-service"}
{"level":"info","message":{"data":{},"time":"Sat Jan 27 2024 19:24:42 GMT+0530 (India Standard Time)","url":"/socket.io/?EIO=4&transport=polling&t=OrBCt_s"},"service":"user-service"}
{"level":"info","message":{"data":{},"time":"Sat Jan 27 2024 19:24:45 GMT+0530 (India Standard Time)","url":"/socket.io/?EIO=4&transport=polling&t=OrBCukj"},"service":"user-service"}
{"level":"info","message":{"data":{},"time":"Sat Jan 27 2024 19:24:48 GMT+0530 (India Standard Time)","url":"/socket.io/?EIO=4&transport=polling&t=OrBCvTb"},"service":"user-service"}
{"level":"info","message":{"data":{},"time":"Sat Jan 27 2024 19:24:51 GMT+0530 (India Standard Time)","url":"/socket.io/?EIO=4&transport=polling&t=OrBCwCV"},"service":"user-service"}
{"level":"info","message":{"data":{},"time":"Sat Jan 27 2024 19:24:54 GMT+0530 (India Standard Time)","url":"/socket.io/?EIO=4&transport=polling&t=OrBCwxK"},"service":"user-service"}
{"level":"info","message":{"data":{},"time":"Sat Jan 27 2024 19:24:57 GMT+0530 (India Standard Time)","url":"/socket.io/?EIO=4&transport=polling&t=OrBCxgC"},"service":"user-service"}
{"level":"info","message":{"data":{},"time":"Sat Jan 27 2024 19:25:00 GMT+0530 (India Standard Time)","url":"/socket.io/?EIO=4&transport=polling&t=OrBCyP6"},"service":"user-service"}
{"level":"info","message":{"data":{},"time":"Sat Jan 27 2024 19:25:03 GMT+0530 (India Standard Time)","url":"/socket.io/?EIO=4&transport=polling&t=OrBCz7y"},"service":"user-service"}
{"level":"info","message":{"data":{},"time":"Sat Jan 27 2024 19:25:06 GMT+0530 (India Standard Time)","url":"/socket.io/?EIO=4&transport=polling&t=OrBCzsq"},"service":"user-service"}
{"level":"info","message":{"data":{},"time":"Sat Jan 27 2024 19:25:09 GMT+0530 (India Standard Time)","url":"/socket.io/?EIO=4&transport=polling&t=OrBC-bj"},"service":"user-service"}
{"level":"info","message":{"data":{},"time":"Sat Jan 27 2024 19:25:12 GMT+0530 (India Standard Time)","url":"/socket.io/?EIO=4&transport=polling&t=OrBC_Kb"},"service":"user-service"}
{"level":"info","message":{"data":{},"time":"Sat Jan 27 2024 19:25:15 GMT+0530 (India Standard Time)","url":"/socket.io/?EIO=4&transport=polling&t=OrBD03T"},"service":"user-service"}
{"level":"info","message":{"data":{},"time":"Sat Jan 27 2024 19:25:18 GMT+0530 (India Standard Time)","url":"/socket.io/?EIO=4&transport=polling&t=OrBD0oL"},"service":"user-service"}
{"level":"info","message":{"data":{},"time":"Sat Jan 27 2024 19:25:21 GMT+0530 (India Standard Time)","url":"/socket.io/?EIO=4&transport=polling&t=OrBD1XE"},"service":"user-service"}
{"level":"info","message":{"data":{},"time":"Sat Jan 27 2024 19:25:24 GMT+0530 (India Standard Time)","url":"/socket.io/?EIO=4&transport=polling&t=OrBD2G5"},"service":"user-service"}
{"level":"info","message":{"data":{},"time":"Sat Jan 27 2024 19:25:27 GMT+0530 (India Standard Time)","url":"/socket.io/?EIO=4&transport=polling&t=OrBD2-z"},"service":"user-service"}
{"level":"info","message":{"data":{},"time":"Sat Jan 27 2024 19:25:30 GMT+0530 (India Standard Time)","url":"/socket.io/?EIO=4&transport=polling&t=OrBD3jr"},"service":"user-service"}
{"level":"info","message":{"data":{},"time":"Sat Jan 27 2024 19:25:33 GMT+0530 (India Standard Time)","url":"/socket.io/?EIO=4&transport=polling&t=OrBD4Sk"},"service":"user-service"}
{"level":"info","message":{"data":{},"time":"Sat Jan 27 2024 19:25:36 GMT+0530 (India Standard Time)","url":"/socket.io/?EIO=4&transport=polling&t=OrBD5Bb"},"service":"user-service"}
{"level":"info","message":{"data":{},"time":"Sat Jan 27 2024 19:25:39 GMT+0530 (India Standard Time)","url":"/socket.io/?EIO=4&transport=polling&t=OrBD5wT"},"service":"user-service"}
{"level":"info","message":{"data":{},"time":"Sat Jan 27 2024 19:25:42 GMT+0530 (India Standard Time)","url":"/socket.io/?EIO=4&transport=polling&t=OrBD6fL"},"service":"user-service"}
{"level":"info","message":{"data":{},"time":"Sat Jan 27 2024 19:25:45 GMT+0530 (India Standard Time)","url":"/socket.io/?EIO=4&transport=polling&t=OrBD7OD"},"service":"user-service"}
{"level":"info","message":{"data":{},"time":"Sat Jan 27 2024 19:25:48 GMT+0530 (India Standard Time)","url":"/socket.io/?EIO=4&transport=polling&t=OrBD875"},"service":"user-service"}
{"level":"info","message":{"data":{},"time":"Sat Jan 27 2024 19:25:51 GMT+0530 (India Standard Time)","url":"/socket.io/?EIO=4&transport=polling&t=OrBD8r-"},"service":"user-service"}
{"level":"info","message":{"data":{},"time":"Sat Jan 27 2024 19:25:54 GMT+0530 (India Standard Time)","url":"/socket.io/?EIO=4&transport=polling&t=OrBD9ar"},"service":"user-service"}
{"level":"info","message":{"data":{},"time":"Sat Jan 27 2024 19:25:57 GMT+0530 (India Standard Time)","url":"/socket.io/?EIO=4&transport=polling&t=OrBDAJl"},"service":"user-service"}
{"level":"info","message":{"data":{},"time":"Sat Jan 27 2024 19:26:00 GMT+0530 (India Standard Time)","url":"/socket.io/?EIO=4&transport=polling&t=OrBDB2b"},"service":"user-service"}
{"level":"info","message":{"data":{},"time":"Sat Jan 27 2024 19:26:03 GMT+0530 (India Standard Time)","url":"/socket.io/?EIO=4&transport=polling&t=OrBDBnT"},"service":"user-service"}
{"level":"info","message":{"data":{},"time":"Sat Jan 27 2024 19:26:06 GMT+0530 (India Standard Time)","url":"/socket.io/?EIO=4&transport=polling&t=OrBDCWL"},"service":"user-service"}
{"level":"info","message":{"data":{},"time":"Sat Jan 27 2024 19:26:09 GMT+0530 (India Standard Time)","url":"/socket.io/?EIO=4&transport=polling&t=OrBDDFE"},"service":"user-service"}
{"level":"info","message":{"data":{},"time":"Sat Jan 27 2024 19:26:12 GMT+0530 (India Standard Time)","url":"/socket.io/?EIO=4&transport=polling&t=OrBDD-5"},"service":"user-service"}
{"level":"info","message":{"data":{},"time":"Sat Jan 27 2024 19:26:15 GMT+0530 (India Standard Time)","url":"/socket.io/?EIO=4&transport=polling&t=OrBDEiy"},"service":"user-service"}
{"level":"info","message":{"data":{},"time":"Sat Jan 27 2024 19:26:18 GMT+0530 (India Standard Time)","url":"/socket.io/?EIO=4&transport=polling&t=OrBDFRr"},"service":"user-service"}
{"level":"info","message":{"data":{},"time":"Sat Jan 27 2024 19:26:21 GMT+0530 (India Standard Time)","url":"/socket.io/?EIO=4&transport=polling&t=OrBDGAj"},"service":"user-service"}
{"level":"info","message":{"data":{},"time":"Sat Jan 27 2024 19:26:24 GMT+0530 (India Standard Time)","url":"/socket.io/?EIO=4&transport=polling&t=OrBDGvc"},"service":"user-service"}
{"level":"info","message":{"data":{},"time":"Sat Jan 27 2024 19:26:27 GMT+0530 (India Standard Time)","url":"/socket.io/?EIO=4&transport=polling&t=OrBDHeU"},"service":"user-service"}
{"level":"info","message":{"data":{},"time":"Sat Jan 27 2024 19:26:30 GMT+0530 (India Standard Time)","url":"/socket.io/?EIO=4&transport=polling&t=OrBDINL"},"service":"user-service"}
{"level":"info","message":{"data":{},"time":"Sat Jan 27 2024 19:26:33 GMT+0530 (India Standard Time)","url":"/socket.io/?EIO=4&transport=polling&t=OrBDJ6D"},"service":"user-service"}
{"level":"info","message":{"data":{},"time":"Sat Jan 27 2024 19:26:36 GMT+0530 (India Standard Time)","url":"/socket.io/?EIO=4&transport=polling&t=OrBDJr5"},"service":"user-service"}
{"level":"info","message":{"data":{},"time":"Sat Jan 27 2024 19:26:39 GMT+0530 (India Standard Time)","url":"/socket.io/?EIO=4&transport=polling&t=OrBDKZy"},"service":"user-service"}
{"level":"info","message":{"data":{},"time":"Sat Jan 27 2024 19:26:42 GMT+0530 (India Standard Time)","url":"/socket.io/?EIO=4&transport=polling&t=OrBDLIr"},"service":"user-service"}
{"level":"info","message":{"data":{},"time":"Sat Jan 27 2024 19:26:45 GMT+0530 (India Standard Time)","url":"/socket.io/?EIO=4&transport=polling&t=OrBDM1j"},"service":"user-service"}
{"level":"info","message":{"data":{},"time":"Sat Jan 27 2024 19:26:48 GMT+0530 (India Standard Time)","url":"/socket.io/?EIO=4&transport=polling&t=OrBDMmb"},"service":"user-service"}
{"level":"info","message":{"data":{},"time":"Sat Jan 27 2024 19:26:51 GMT+0530 (India Standard Time)","url":"/socket.io/?EIO=4&transport=polling&t=OrBDNVT"},"service":"user-service"}
{"level":"info","message":{"data":{},"time":"Sat Jan 27 2024 19:26:54 GMT+0530 (India Standard Time)","url":"/socket.io/?EIO=4&transport=polling&t=OrBDOEV"},"service":"user-service"}
{"level":"info","message":{"data":{},"time":"Sat Jan 27 2024 19:26:57 GMT+0530 (India Standard Time)","url":"/socket.io/?EIO=4&transport=polling&t=OrBDOzD"},"service":"user-service"}
{"level":"info","message":{"data":{},"time":"Sat Jan 27 2024 19:27:00 GMT+0530 (India Standard Time)","url":"/socket.io/?EIO=4&transport=polling&t=OrBDPi5"},"service":"user-service"}
{"level":"info","message":{"data":{},"time":"Sat Jan 27 2024 19:27:03 GMT+0530 (India Standard Time)","url":"/socket.io/?EIO=4&transport=polling&t=OrBDQQz"},"service":"user-service"}
{"level":"info","message":{"data":{},"time":"Sat Jan 27 2024 19:27:06 GMT+0530 (India Standard Time)","url":"/socket.io/?EIO=4&transport=polling&t=OrBDR9q"},"service":"user-service"}
{"level":"info","message":{"data":{},"time":"Sat Jan 27 2024 19:27:09 GMT+0530 (India Standard Time)","url":"/socket.io/?EIO=4&transport=polling&t=OrBDRuj"},"service":"user-service"}
{"level":"info","message":{"data":{},"time":"Sat Jan 27 2024 19:27:12 GMT+0530 (India Standard Time)","url":"/socket.io/?EIO=4&transport=polling&t=OrBDSdb"},"service":"user-service"}
{"level":"info","message":{"data":{},"time":"Sat Jan 27 2024 19:27:15 GMT+0530 (India Standard Time)","url":"/socket.io/?EIO=4&transport=polling&t=OrBDTMT"},"service":"user-service"}
{"level":"info","message":{"data":{},"time":"Sat Jan 27 2024 19:27:18 GMT+0530 (India Standard Time)","url":"/socket.io/?EIO=4&transport=polling&t=OrBDU5L"},"service":"user-service"}
{"level":"info","message":{"data":{},"time":"Sat Jan 27 2024 19:27:21 GMT+0530 (India Standard Time)","url":"/socket.io/?EIO=4&transport=polling&t=OrBDUqD"},"service":"user-service"}
{"level":"info","message":{"data":{},"time":"Sat Jan 27 2024 19:27:24 GMT+0530 (India Standard Time)","url":"/socket.io/?EIO=4&transport=polling&t=OrBDVZ5"},"service":"user-service"}
{"level":"info","message":{"data":{},"time":"Sat Jan 27 2024 19:27:27 GMT+0530 (India Standard Time)","url":"/socket.io/?EIO=4&transport=polling&t=OrBDWHz"},"service":"user-service"}
{"level":"info","message":{"data":{},"time":"Sat Jan 27 2024 19:27:30 GMT+0530 (India Standard Time)","url":"/socket.io/?EIO=4&transport=polling&t=OrBDX0s"},"service":"user-service"}
{"level":"info","message":{"data":{},"time":"Sat Jan 27 2024 19:27:33 GMT+0530 (India Standard Time)","url":"/socket.io/?EIO=4&transport=polling&t=OrBDXlj"},"service":"user-service"}
{"level":"info","message":{"data":{},"time":"Sat Jan 27 2024 19:27:36 GMT+0530 (India Standard Time)","url":"/socket.io/?EIO=4&transport=polling&t=OrBDYUa"},"service":"user-service"}
{"level":"info","message":{"data":{},"time":"Sat Jan 27 2024 19:27:39 GMT+0530 (India Standard Time)","url":"/socket.io/?EIO=4&transport=polling&t=OrBDZDU"},"service":"user-service"}
{"level":"info","message":{"data":{},"time":"Sat Jan 27 2024 19:27:42 GMT+0530 (India Standard Time)","url":"/socket.io/?EIO=4&transport=polling&t=OrBDZyM"},"service":"user-service"}
{"level":"info","message":{"data":{},"time":"Sat Jan 27 2024 19:27:45 GMT+0530 (India Standard Time)","url":"/socket.io/?EIO=4&transport=polling&t=OrBDahD"},"service":"user-service"}
{"level":"info","message":{"data":{},"time":"Sat Jan 27 2024 19:27:48 GMT+0530 (India Standard Time)","url":"/socket.io/?EIO=4&transport=polling&t=OrBDbQ6"},"service":"user-service"}
{"level":"info","message":{"data":{},"time":"Sat Jan 27 2024 19:27:51 GMT+0530 (India Standard Time)","url":"/socket.io/?EIO=4&transport=polling&t=OrBDc8-"},"service":"user-service"}
{"level":"info","message":{"data":{},"time":"Sat Jan 27 2024 19:27:54 GMT+0530 (India Standard Time)","url":"/socket.io/?EIO=4&transport=polling&t=OrBDcts"},"service":"user-service"}
{"level":"info","message":{"data":{},"time":"Sat Jan 27 2024 19:27:57 GMT+0530 (India Standard Time)","url":"/socket.io/?EIO=4&transport=polling&t=OrBDdcj"},"service":"user-service"}
{"level":"info","message":{"data":{},"time":"Sat Jan 27 2024 19:28:00 GMT+0530 (India Standard Time)","url":"/socket.io/?EIO=4&transport=polling&t=OrBDeLb"},"service":"user-service"}
{"level":"info","message":{"data":{},"time":"Sat Jan 27 2024 19:28:03 GMT+0530 (India Standard Time)","url":"/socket.io/?EIO=4&transport=polling&t=OrBDf4T"},"service":"user-service"}
{"level":"info","message":{"data":{},"time":"Sat Jan 27 2024 19:28:06 GMT+0530 (India Standard Time)","url":"/socket.io/?EIO=4&transport=polling&t=OrBDfpO"},"service":"user-service"}
{"level":"info","message":{"data":{},"time":"Sat Jan 27 2024 19:28:09 GMT+0530 (India Standard Time)","url":"/socket.io/?EIO=4&transport=polling&t=OrBDgYD"},"service":"user-service"}
{"level":"info","message":{"data":{},"time":"Sat Jan 27 2024 19:28:12 GMT+0530 (India Standard Time)","url":"/socket.io/?EIO=4&transport=polling&t=OrBDhH6"},"service":"user-service"}
{"level":"info","message":{"data":{},"time":"Sat Jan 27 2024 19:28:15 GMT+0530 (India Standard Time)","url":"/socket.io/?EIO=4&transport=polling&t=OrBDh_-"},"service":"user-service"}
{"level":"info","message":{"data":{},"time":"Sat Jan 27 2024 19:28:18 GMT+0530 (India Standard Time)","url":"/socket.io/?EIO=4&transport=polling&t=OrBDikq"},"service":"user-service"}
{"level":"info","message":{"data":{},"time":"Sat Jan 27 2024 19:28:21 GMT+0530 (India Standard Time)","url":"/socket.io/?EIO=4&transport=polling&t=OrBDjTj"},"service":"user-service"}
{"level":"info","message":{"data":{},"time":"Sat Jan 27 2024 19:28:24 GMT+0530 (India Standard Time)","url":"/socket.io/?EIO=4&transport=polling&t=OrBDkCc"},"service":"user-service"}
{"level":"info","message":{"data":{},"time":"Sat Jan 27 2024 19:28:27 GMT+0530 (India Standard Time)","url":"/socket.io/?EIO=4&transport=polling&t=OrBDkxU"},"service":"user-service"}
{"level":"info","message":{"data":{},"time":"Sat Jan 27 2024 19:28:30 GMT+0530 (India Standard Time)","url":"/socket.io/?EIO=4&transport=polling&t=OrBDlgL"},"service":"user-service"}
{"level":"info","message":{"data":{},"time":"Sat Jan 27 2024 19:28:33 GMT+0530 (India Standard Time)","url":"/socket.io/?EIO=4&transport=polling&t=OrBDmPF"},"service":"user-service"}
{"level":"info","message":{"data":{},"time":"Sat Jan 27 2024 19:28:36 GMT+0530 (India Standard Time)","url":"/socket.io/?EIO=4&transport=polling&t=OrBDn85"},"service":"user-service"}
{"level":"info","message":{"data":{},"time":"Sat Jan 27 2024 19:28:39 GMT+0530 (India Standard Time)","url":"/socket.io/?EIO=4&transport=polling&t=OrBDnsz"},"service":"user-service"}
{"level":"info","message":{"data":{},"time":"Sat Jan 27 2024 19:28:42 GMT+0530 (India Standard Time)","url":"/socket.io/?EIO=4&transport=polling&t=OrBDobs"},"service":"user-service"}
{"level":"info","message":{"data":{},"time":"Sat Jan 27 2024 19:28:45 GMT+0530 (India Standard Time)","url":"/socket.io/?EIO=4&transport=polling&t=OrBDpKj"},"service":"user-service"}
{"level":"info","message":{"data":{},"time":"Sat Jan 27 2024 19:28:48 GMT+0530 (India Standard Time)","url":"/socket.io/?EIO=4&transport=polling&t=OrBDq3b"},"service":"user-service"}
{"level":"info","message":{"data":{},"time":"Sat Jan 27 2024 19:28:51 GMT+0530 (India Standard Time)","url":"/socket.io/?EIO=4&transport=polling&t=OrBDqoT"},"service":"user-service"}
{"level":"info","message":{"data":{},"time":"Sat Jan 27 2024 19:28:54 GMT+0530 (India Standard Time)","url":"/socket.io/?EIO=4&transport=polling&t=OrBDrXL"},"service":"user-service"}
{"level":"info","message":{"data":{},"time":"Sat Jan 27 2024 19:28:57 GMT+0530 (India Standard Time)","url":"/socket.io/?EIO=4&transport=polling&t=OrBDsGD"},"service":"user-service"}
{"level":"info","message":{"data":{},"time":"Sat Jan 27 2024 19:29:00 GMT+0530 (India Standard Time)","url":"/socket.io/?EIO=4&transport=polling&t=OrBDs_5"},"service":"user-service"}
{"level":"info","message":{"data":{},"time":"Sat Jan 27 2024 19:29:03 GMT+0530 (India Standard Time)","url":"/socket.io/?EIO=4&transport=polling&t=OrBDtk3"},"service":"user-service"}
{"level":"info","message":{"data":{},"time":"Sat Jan 27 2024 19:29:06 GMT+0530 (India Standard Time)","url":"/socket.io/?EIO=4&transport=polling&t=OrBDuSr"},"service":"user-service"}
{"level":"info","message":{"data":{},"time":"Sat Jan 27 2024 19:29:09 GMT+0530 (India Standard Time)","url":"/socket.io/?EIO=4&transport=polling&t=OrBDvBj"},"service":"user-service"}
{"level":"info","message":{"data":{},"time":"Sat Jan 27 2024 19:29:12 GMT+0530 (India Standard Time)","url":"/socket.io/?EIO=4&transport=polling&t=OrBDvwb"},"service":"user-service"}
{"level":"info","message":{"data":{},"time":"Sat Jan 27 2024 19:29:15 GMT+0530 (India Standard Time)","url":"/socket.io/?EIO=4&transport=polling&t=OrBDwfT"},"service":"user-service"}
{"level":"info","message":{"data":{},"time":"Sat Jan 27 2024 19:29:18 GMT+0530 (India Standard Time)","url":"/socket.io/?EIO=4&transport=polling&t=OrBDxOL"},"service":"user-service"}
{"level":"info","message":{"data":{},"time":"Sat Jan 27 2024 19:29:21 GMT+0530 (India Standard Time)","url":"/socket.io/?EIO=4&transport=polling&t=OrBDy7C"},"service":"user-service"}
{"level":"info","message":{"data":{},"time":"Sat Jan 27 2024 19:29:24 GMT+0530 (India Standard Time)","url":"/socket.io/?EIO=4&transport=polling&t=OrBDys7"},"service":"user-service"}
{"level":"info","message":{"data":{},"time":"Sat Jan 27 2024 19:29:27 GMT+0530 (India Standard Time)","url":"/socket.io/?EIO=4&transport=polling&t=OrBDzay"},"service":"user-service"}
{"level":"info","message":{"data":{},"time":"Sat Jan 27 2024 19:29:30 GMT+0530 (India Standard Time)","url":"/socket.io/?EIO=4&transport=polling&t=OrBD-Jq"},"service":"user-service"}
{"level":"info","message":{"data":{},"time":"Sat Jan 27 2024 19:29:33 GMT+0530 (India Standard Time)","url":"/socket.io/?EIO=4&transport=polling&t=OrBD_2j"},"service":"user-service"}
{"level":"info","message":{"data":{},"time":"Sat Jan 27 2024 19:29:36 GMT+0530 (India Standard Time)","url":"/socket.io/?EIO=4&transport=polling&t=OrBD_nb"},"service":"user-service"}
{"level":"info","message":{"data":{},"time":"Sat Jan 27 2024 19:29:39 GMT+0530 (India Standard Time)","url":"/socket.io/?EIO=4&transport=polling&t=OrBE0WT"},"service":"user-service"}
{"level":"info","message":{"data":{},"time":"Sat Jan 27 2024 19:29:42 GMT+0530 (India Standard Time)","url":"/socket.io/?EIO=4&transport=polling&t=OrBE1FL"},"service":"user-service"}
{"level":"info","message":{"data":{},"time":"Sat Jan 27 2024 19:29:45 GMT+0530 (India Standard Time)","url":"/socket.io/?EIO=4&transport=polling&t=OrBE1-C"},"service":"user-service"}
{"level":"info","message":{"data":{},"time":"Sat Jan 27 2024 19:29:48 GMT+0530 (India Standard Time)","url":"/socket.io/?EIO=4&transport=polling&t=OrBE2j5"},"service":"user-service"}
{"level":"info","message":{"data":{},"time":"Sat Jan 27 2024 19:29:51 GMT+0530 (India Standard Time)","url":"/socket.io/?EIO=4&transport=polling&t=OrBE3Rz"},"service":"user-service"}
{"level":"info","message":{"data":{},"time":"Sat Jan 27 2024 19:29:54 GMT+0530 (India Standard Time)","url":"/socket.io/?EIO=4&transport=polling&t=OrBE4Ar"},"service":"user-service"}
{"level":"info","message":{"data":{},"time":"Sat Jan 27 2024 19:29:57 GMT+0530 (India Standard Time)","url":"/socket.io/?EIO=4&transport=polling&t=OrBE4vj"},"service":"user-service"}
{"level":"info","message":{"data":{},"time":"Sat Jan 27 2024 19:30:00 GMT+0530 (India Standard Time)","url":"/socket.io/?EIO=4&transport=polling&t=OrBE5ec"},"service":"user-service"}
{"level":"info","message":{"data":{},"time":"Sat Jan 27 2024 19:30:03 GMT+0530 (India Standard Time)","url":"/socket.io/?EIO=4&transport=polling&t=OrBE6NT"},"service":"user-service"}
{"level":"info","message":{"data":{},"time":"Sat Jan 27 2024 19:30:06 GMT+0530 (India Standard Time)","url":"/socket.io/?EIO=4&transport=polling&t=OrBE76K"},"service":"user-service"}
{"level":"info","message":{"data":{},"time":"Sat Jan 27 2024 19:30:09 GMT+0530 (India Standard Time)","url":"/socket.io/?EIO=4&transport=polling&t=OrBE7rD"},"service":"user-service"}
{"level":"info","message":{"data":{},"time":"Sat Jan 27 2024 19:30:12 GMT+0530 (India Standard Time)","url":"/socket.io/?EIO=4&transport=polling&t=OrBE8a5"},"service":"user-service"}
{"level":"info","message":{"data":{},"time":"Sat Jan 27 2024 19:30:15 GMT+0530 (India Standard Time)","url":"/socket.io/?EIO=4&transport=polling&t=OrBE9I-"},"service":"user-service"}
{"level":"info","message":{"data":{},"time":"Sat Jan 27 2024 19:30:18 GMT+0530 (India Standard Time)","url":"/socket.io/?EIO=4&transport=polling&t=OrBEA1r"},"service":"user-service"}
{"level":"info","message":{"data":{},"time":"Sat Jan 27 2024 19:30:21 GMT+0530 (India Standard Time)","url":"/socket.io/?EIO=4&transport=polling&t=OrBEAmj"},"service":"user-service"}
{"level":"info","message":{"data":{},"time":"Sat Jan 27 2024 19:30:24 GMT+0530 (India Standard Time)","url":"/socket.io/?EIO=4&transport=polling&t=OrBEBVb"},"service":"user-service"}
{"level":"info","message":{"data":{},"time":"Sat Jan 27 2024 19:30:26 GMT+0530 (India Standard Time)","url":"/socket.io/?EIO=4&transport=polling&t=OrBEB-z"},"service":"user-service"}
{"level":"info","message":{"data":{},"time":"Sat Jan 27 2024 19:30:30 GMT+0530 (India Standard Time)","url":"/socket.io/?EIO=4&transport=polling&t=OrBECzL"},"service":"user-service"}
{"level":"info","message":{"data":{},"time":"Sat Jan 27 2024 19:30:32 GMT+0530 (India Standard Time)","url":"/socket.io/?EIO=4&transport=polling&t=OrBEDSb"},"service":"user-service"}
{"level":"info","message":{"data":{},"time":"Sat Jan 27 2024 19:30:36 GMT+0530 (India Standard Time)","url":"/socket.io/?EIO=4&transport=polling&t=OrBEER5"},"service":"user-service"}
{"level":"info","message":{"data":{},"time":"Sat Jan 27 2024 19:30:37 GMT+0530 (India Standard Time)","url":"/socket.io/?EIO=4&transport=polling&t=OrBEEgq"},"service":"user-service"}
{"level":"info","message":{"data":{},"time":"Sat Jan 27 2024 19:30:42 GMT+0530 (India Standard Time)","url":"/socket.io/?EIO=4&transport=polling&t=OrBEFut"},"service":"user-service"}
{"level":"info","message":{"data":{},"time":"Sat Jan 27 2024 19:30:43 GMT+0530 (India Standard Time)","url":"/socket.io/?EIO=4&transport=polling&t=OrBEG8U"},"service":"user-service"}
{"level":"info","message":{"data":{},"time":"Sat Jan 27 2024 19:30:48 GMT+0530 (India Standard Time)","url":"/socket.io/?EIO=4&transport=polling&t=OrBEHMc"},"service":"user-service"}
{"level":"info","message":{"data":{},"time":"Sat Jan 27 2024 19:30:49 GMT+0530 (India Standard Time)","url":"/socket.io/?EIO=4&transport=polling&t=OrBEHcE"},"service":"user-service"}
{"level":"info","message":{"data":{},"time":"Sat Jan 27 2024 19:30:54 GMT+0530 (India Standard Time)","url":"/socket.io/?EIO=4&transport=polling&t=OrBEIqK"},"service":"user-service"}
{"level":"info","message":{"data":{},"time":"Sat Jan 27 2024 19:30:55 GMT+0530 (India Standard Time)","url":"/socket.io/?EIO=4&transport=polling&t=OrBEJ3z"},"service":"user-service"}
{"level":"info","message":{"data":{},"time":"Sat Jan 27 2024 19:31:00 GMT+0530 (India Standard Time)","url":"/socket.io/?EIO=4&transport=polling&t=OrBEKI8"},"service":"user-service"}
{"level":"info","message":{"data":{},"time":"Sat Jan 27 2024 19:31:01 GMT+0530 (India Standard Time)","url":"/socket.io/?EIO=4&transport=polling&t=OrBEKXk"},"service":"user-service"}
{"level":"info","message":{"data":{},"time":"Sat Jan 27 2024 19:31:06 GMT+0530 (India Standard Time)","url":"/socket.io/?EIO=4&transport=polling&t=OrBELlq"},"service":"user-service"}
{"level":"info","message":{"data":{},"time":"Sat Jan 27 2024 19:31:07 GMT+0530 (India Standard Time)","url":"/socket.io/?EIO=4&transport=polling&t=OrBEL_S"},"service":"user-service"}
{"level":"info","message":{"data":{},"time":"Sat Jan 27 2024 19:31:12 GMT+0530 (India Standard Time)","url":"/socket.io/?EIO=4&transport=polling&t=OrBENDb"},"service":"user-service"}
{"level":"info","message":{"data":{},"time":"Sat Jan 27 2024 19:31:13 GMT+0530 (India Standard Time)","url":"/socket.io/?EIO=4&transport=polling&t=OrBENTD"},"service":"user-service"}
{"level":"info","message":{"data":{},"time":"Sat Jan 27 2024 19:31:18 GMT+0530 (India Standard Time)","url":"/socket.io/?EIO=4&transport=polling&t=OrBEOhM"},"service":"user-service"}
{"level":"info","message":{"data":{},"time":"Sat Jan 27 2024 19:31:19 GMT+0530 (India Standard Time)","url":"/socket.io/?EIO=4&transport=polling&t=OrBEOwz"},"service":"user-service"}
{"level":"info","message":{"data":{},"time":"Sat Jan 27 2024 19:31:24 GMT+0530 (India Standard Time)","url":"/socket.io/?EIO=4&transport=polling&t=OrBEQ95"},"service":"user-service"}
{"level":"info","message":{"data":{},"time":"Sat Jan 27 2024 19:31:25 GMT+0530 (India Standard Time)","url":"/socket.io/?EIO=4&transport=polling&t=OrBEQOj"},"service":"user-service"}
{"level":"info","message":{"data":{},"time":"Sat Jan 27 2024 19:31:30 GMT+0530 (India Standard Time)","url":"/socket.io/?EIO=4&transport=polling&t=OrBERcr"},"service":"user-service"}
{"level":"info","message":{"data":{},"time":"Sat Jan 27 2024 19:31:31 GMT+0530 (India Standard Time)","url":"/socket.io/?EIO=4&transport=polling&t=OrBERsS"},"service":"user-service"}
{"level":"info","message":{"data":{},"time":"Sat Jan 27 2024 19:31:36 GMT+0530 (India Standard Time)","url":"/socket.io/?EIO=4&transport=polling&t=OrBET4b"},"service":"user-service"}
{"level":"info","message":{"data":{},"time":"Sat Jan 27 2024 19:31:37 GMT+0530 (India Standard Time)","url":"/socket.io/?EIO=4&transport=polling&t=OrBETKC"},"service":"user-service"}
{"level":"info","message":{"data":{},"time":"Sat Jan 27 2024 19:31:42 GMT+0530 (India Standard Time)","url":"/socket.io/?EIO=4&transport=polling&t=OrBEUYM"},"service":"user-service"}
{"level":"info","message":{"data":{},"time":"Sat Jan 27 2024 19:31:43 GMT+0530 (India Standard Time)","url":"/socket.io/?EIO=4&transport=polling&t=OrBEUn_"},"service":"user-service"}
{"level":"info","message":{"data":{},"time":"Sat Jan 27 2024 19:31:48 GMT+0530 (India Standard Time)","url":"/socket.io/?EIO=4&transport=polling&t=OrBEW0C"},"service":"user-service"}
{"level":"info","message":{"data":{},"time":"Sat Jan 27 2024 19:31:49 GMT+0530 (India Standard Time)","url":"/socket.io/?EIO=4&transport=polling&t=OrBEWFp"},"service":"user-service"}
{"level":"info","message":{"data":{},"time":"Sat Jan 27 2024 19:31:54 GMT+0530 (India Standard Time)","url":"/socket.io/?EIO=4&transport=polling&t=OrBEXTw"},"service":"user-service"}
{"level":"info","message":{"data":{},"time":"Sat Jan 27 2024 19:31:55 GMT+0530 (India Standard Time)","url":"/socket.io/?EIO=4&transport=polling&t=OrBEXjZ"},"service":"user-service"}
{"level":"info","message":{"data":{},"time":"Sat Jan 27 2024 19:32:00 GMT+0530 (India Standard Time)","url":"/socket.io/?EIO=4&transport=polling&t=OrBEYxq"},"service":"user-service"}
{"level":"info","message":{"data":{},"time":"Sat Jan 27 2024 19:32:01 GMT+0530 (India Standard Time)","url":"/socket.io/?EIO=4&transport=polling&t=OrBEZBO"},"service":"user-service"}
{"level":"info","message":{"data":{},"time":"Sat Jan 27 2024 19:32:06 GMT+0530 (India Standard Time)","url":"/socket.io/?EIO=4&transport=polling&t=OrBEaPR"},"service":"user-service"}
{"level":"info","message":{"data":{},"time":"Sat Jan 27 2024 19:32:07 GMT+0530 (India Standard Time)","url":"/socket.io/?EIO=4&transport=polling&t=OrBEae-"},"service":"user-service"}
{"level":"info","message":{"data":{},"time":"Sat Jan 27 2024 19:32:12 GMT+0530 (India Standard Time)","url":"/socket.io/?EIO=4&transport=polling&t=OrBEbtJ"},"service":"user-service"}
{"level":"info","message":{"data":{},"time":"Sat Jan 27 2024 19:32:13 GMT+0530 (India Standard Time)","url":"/socket.io/?EIO=4&transport=polling&t=OrBEc6u"},"service":"user-service"}
{"level":"info","message":{"data":{},"time":"Sat Jan 27 2024 19:32:18 GMT+0530 (India Standard Time)","url":"/socket.io/?EIO=4&transport=polling&t=OrBEdL2"},"service":"user-service"}
{"level":"info","message":{"data":{},"time":"Sat Jan 27 2024 19:32:19 GMT+0530 (India Standard Time)","url":"/socket.io/?EIO=4&transport=polling&t=OrBEdac"},"service":"user-service"}
{"level":"info","message":{"data":{},"time":"Sat Jan 27 2024 19:32:24 GMT+0530 (India Standard Time)","url":"/socket.io/?EIO=4&transport=polling&t=OrBEeow"},"service":"user-service"}
{"level":"info","message":{"data":{},"time":"Sat Jan 27 2024 19:32:25 GMT+0530 (India Standard Time)","url":"/socket.io/?EIO=4&transport=polling&t=OrBEf2Q"},"service":"user-service"}
{"level":"info","message":{"data":{},"time":"Sat Jan 27 2024 19:32:30 GMT+0530 (India Standard Time)","url":"/socket.io/?EIO=4&transport=polling&t=OrBEgGO"},"service":"user-service"}
{"level":"info","message":{"data":{},"time":"Sat Jan 27 2024 19:32:31 GMT+0530 (India Standard Time)","url":"/socket.io/?EIO=4&transport=polling&t=OrBEgWB"},"service":"user-service"}
{"level":"info","message":{"data":{},"time":"Sat Jan 27 2024 19:32:36 GMT+0530 (India Standard Time)","url":"/socket.io/?EIO=4&transport=polling&t=OrBEhk6"},"service":"user-service"}
{"level":"info","message":{"data":{},"time":"Sat Jan 27 2024 19:32:37 GMT+0530 (India Standard Time)","url":"/socket.io/?EIO=4&transport=polling&t=OrBEhzv"},"service":"user-service"}
{"level":"info","message":{"data":{},"time":"Sat Jan 27 2024 19:32:42 GMT+0530 (India Standard Time)","url":"/socket.io/?EIO=4&transport=polling&t=OrBEjBw"},"service":"user-service"}
{"level":"info","message":{"data":{},"time":"Sat Jan 27 2024 19:32:43 GMT+0530 (India Standard Time)","url":"/socket.io/?EIO=4&transport=polling&t=OrBEjRX"},"service":"user-service"}
{"level":"info","message":{"data":{},"time":"Sat Jan 27 2024 19:32:48 GMT+0530 (India Standard Time)","url":"/socket.io/?EIO=4&transport=polling&t=OrBEkfq"},"service":"user-service"}
{"level":"info","message":{"data":{},"time":"Sat Jan 27 2024 19:32:49 GMT+0530 (India Standard Time)","url":"/socket.io/?EIO=4&transport=polling&t=OrBEkvD"},"service":"user-service"}
{"level":"info","message":{"data":{},"time":"Sat Jan 27 2024 19:32:54 GMT+0530 (India Standard Time)","url":"/socket.io/?EIO=4&transport=polling&t=OrBEm7S"},"service":"user-service"}
{"level":"info","message":{"data":{},"time":"Sat Jan 27 2024 19:32:55 GMT+0530 (India Standard Time)","url":"/socket.io/?EIO=4&transport=polling&t=OrBEmN2"},"service":"user-service"}
{"level":"info","message":{"data":{},"time":"Sat Jan 27 2024 19:33:00 GMT+0530 (India Standard Time)","url":"/socket.io/?EIO=4&transport=polling&t=OrBEnb9"},"service":"user-service"}
{"level":"info","message":{"data":{},"time":"Sat Jan 27 2024 19:33:01 GMT+0530 (India Standard Time)","url":"/socket.io/?EIO=4&transport=polling&t=OrBEnqk"},"service":"user-service"}
{"level":"info","message":{"data":{},"time":"Sat Jan 27 2024 19:33:06 GMT+0530 (India Standard Time)","url":"/socket.io/?EIO=4&transport=polling&t=OrBEp2-"},"service":"user-service"}
{"level":"info","message":{"data":{},"time":"Sat Jan 27 2024 19:33:07 GMT+0530 (India Standard Time)","url":"/socket.io/?EIO=4&transport=polling&t=OrBEpIb"},"service":"user-service"}
{"level":"info","message":{"data":{},"time":"Sat Jan 27 2024 19:33:12 GMT+0530 (India Standard Time)","url":"/socket.io/?EIO=4&transport=polling&t=OrBEqWi"},"service":"user-service"}
{"level":"info","message":{"data":{},"time":"Sat Jan 27 2024 19:33:13 GMT+0530 (India Standard Time)","url":"/socket.io/?EIO=4&transport=polling&t=OrBEqmL"},"service":"user-service"}
{"level":"info","message":{"data":{},"time":"Sat Jan 27 2024 19:33:18 GMT+0530 (India Standard Time)","url":"/socket.io/?EIO=4&transport=polling&t=OrBEr-N"},"service":"user-service"}
{"level":"info","message":{"data":{},"time":"Sat Jan 27 2024 19:33:19 GMT+0530 (India Standard Time)","url":"/socket.io/?EIO=4&transport=polling&t=OrBEsD-"},"service":"user-service"}
{"level":"info","message":{"data":{},"time":"Sat Jan 27 2024 19:33:24 GMT+0530 (India Standard Time)","url":"/socket.io/?EIO=4&transport=polling&t=OrBEtSD"},"service":"user-service"}
{"level":"info","message":{"data":{},"time":"Sat Jan 27 2024 19:33:25 GMT+0530 (India Standard Time)","url":"/socket.io/?EIO=4&transport=polling&t=OrBEtZw"},"service":"user-service"}
{"level":"info","message":{"data":{},"time":"Sat Jan 27 2024 19:33:30 GMT+0530 (India Standard Time)","url":"/socket.io/?EIO=4&transport=polling&t=OrBEuw2"},"service":"user-service"}
{"level":"info","message":{"data":{},"time":"Sat Jan 27 2024 19:33:30 GMT+0530 (India Standard Time)","url":"/socket.io/?EIO=4&transport=polling&t=OrBEuw2"},"service":"user-service"}
{"level":"info","message":{"data":{},"time":"Sat Jan 27 2024 19:33:36 GMT+0530 (India Standard Time)","url":"/socket.io/?EIO=4&transport=polling&t=OrBEwNk"},"service":"user-service"}
{"level":"info","message":{"data":{},"time":"Sat Jan 27 2024 19:33:36 GMT+0530 (India Standard Time)","url":"/socket.io/?EIO=4&transport=polling&t=OrBEwNl"},"service":"user-service"}
{"level":"info","message":{"data":{},"time":"Sat Jan 27 2024 19:33:41 GMT+0530 (India Standard Time)","url":"/socket.io/?EIO=4&transport=polling&t=OrBExcD"},"service":"user-service"}
{"level":"info","message":{"data":{},"time":"Sat Jan 27 2024 19:33:42 GMT+0530 (India Standard Time)","url":"/socket.io/?EIO=4&transport=polling&t=OrBExrV"},"service":"user-service"}
{"level":"info","message":{"data":{},"time":"Sat Jan 27 2024 19:33:47 GMT+0530 (India Standard Time)","url":"/socket.io/?EIO=4&transport=polling&t=OrBEz5g"},"service":"user-service"}
