{"level":"error","message":{"data":{"age":"22","email":"ashu","gender":"Male","name":"Toshiba Ansari","password":"A5FFC976","phone":"7339900265"},"time":"Thu Jan 04 2024 00:36:21 GMT+0530 (India Standard Time)","url":"/api/users/signUp"},"service":"user-service"}
{"level":"error","message":{"data":{"age":"22","email":"ashu","gender":"Male","name":"Toshiba Ansari","password":"A5FFC976","phone":"7339900265"},"time":"Thu Jan 04 2024 00:38:43 GMT+0530 (India Standard Time)","url":"/api/users/signUp"},"service":"user-service"}
{"level":"error","message":{"data":{"age":"22","email":"ashu","gender":"Male","name":"Toshiba Ansari","password":"A5FFC976","phone":"7339900265"},"time":"Thu Jan 04 2024 00:40:08 GMT+0530 (India Standard Time)","url":"/api/users/signUp"},"service":"user-service"}
{"level":"error","message":{"data":{"age":"22","email":"ashu","gender":"Male","name":"Toshiba Ansari","password":"A5FFC976","phone":"7339900265"},"time":"Thu Jan 04 2024 00:40:51 GMT+0530 (India Standard Time)","url":"/api/users/signUp"},"service":"user-service"}
{"level":"error","message":{"data":{"age":"22","email":"ashu","gender":"Male","name":"Toshiba Ansari","password":"A5FFC976","phone":"7339900265"},"error":"next is not defined","time":"Thu Jan 04 2024 00:41:56 GMT+0530 (India Standard Time)","url":"/api/users/signUp"},"service":"user-service"}
{"level":"error","message":{"data":{"age":"22","email":"ashu","gender":"Male","name":"Toshiba Ansari","password":"A5FFC976","phone":"7339900265"},"error":"next is not defined","time":"Thu Jan 04 2024 00:42:59 GMT+0530 (India Standard Time)","url":"/api/users/signUp"},"service":"user-service"}
{"level":"error","message":{"data":{"age":"22","email":"ashu","gender":"Male","name":"Toshiba Ansari","password":"A5FFC976","phone":"7339900265"},"error":"next is not defined","time":"Thu Jan 04 2024 00:43:35 GMT+0530 (India Standard Time)","url":"/api/users/signUp"},"service":"user-service"}
{"level":"error","message":{"data":{"age":"22","email":"ashu","gender":"Male","name":"Toshiba Ansari","password":"$2b$12$HaM45EHIUo79Ixse9MlrpOYtCiq9leJHRMgPqgGZmCxvJAdQz7lGm","phone":"7339900265","profileImageURL":"2024-01-03T19_20_18.647Z1628166011161.jpg"},"error":"User validation failed: email: Please Enter Valid Email format","time":"Thu Jan 04 2024 00:50:19 GMT+0530 (India Standard Time)","url":"/api/users/signUp"},"service":"user-service"}
{"level":"error","message":{"data":{"age":"22","email":"ashu","gender":"Male","name":"Toshiba Ansari","password":"A5FFC976","phone":"7339900265","profileImageURL":"2024-01-03T19_30_17.270Z1628166011161.jpg"},"error":"Not found ","time":"Thu Jan 04 2024 01:00:17 GMT+0530 (India Standard Time)","url":"/api/users/signUp"},"service":"user-service"}
{"level":"error","message":{"data":{"age":"22","email":"ashu","gender":"Male","name":"Toshiba Ansari","password":"A5FFC976","phone":"7339900265","profileImageURL":"2024-01-03T19_30_27.284Z1628166011161.jpg"},"error":"hi","time":"Thu Jan 04 2024 01:00:27 GMT+0530 (India Standard Time)","url":"/api/users/signUp"},"service":"user-service"}
{"level":"error","message":{"data":{"age":"22","email":"ashu","gender":"Male","name":"Toshiba Ansari","password":"A5FFC976","phone":"7339900265","profileImageURL":"2024-01-03T19_30_29.839Z1628166011161.jpg"},"error":"hi","time":"Thu Jan 04 2024 01:00:29 GMT+0530 (India Standard Time)","url":"/api/users/signUp"},"service":"user-service"}
{"level":"error","message":{"data":{"age":"22","email":"ashu","gender":"Male","name":"Toshiba Ansari","password":"A5FFC976","phone":"7339900265","profileImageURL":"2024-01-03T19_31_06.365Z1628166011161.jpg"},"error":"hi John","time":"Thu Jan 04 2024 01:01:06 GMT+0530 (India Standard Time)","url":"/api/users/signUp"},"service":"user-service"}
{"level":"error","message":{"data":{"age":"22","email":"ashu","gender":"Male","name":"Toshiba Ansari","password":"$2b$12$2oE19/cHpFxrVkyT7qkTtu8Hh1aJ83y6mXfzA7xMvOHQ.u69clOGG","phone":"7339900265","profileImageURL":"2024-01-03T19_40_16.364Z1628166011161.jpg"},"error":"User validation failed: email: Please Enter Valid Email format","time":"Thu Jan 04 2024 01:10:16 GMT+0530 (India Standard Time)","url":"/api/users/signUp"},"service":"user-service"}
{"level":"error","message":{"data":{"age":"22","email":"ashu","gender":"Male","name":"Toshiba Ansari","password":"$2b$12$5GpI4WtMWvEJpg7jUXkuKO/xGYUmloo/B3u8sez2vd.YqURnBI.Yy","phone":"7339900265","profileImageURL":"2024-01-03T19_40_44.545Z1628166011161.jpg"},"error":"User validation failed: email: Please Enter Valid Email format","time":"Thu Jan 04 2024 01:10:44 GMT+0530 (India Standard Time)","url":"/api/users/signUp"},"service":"user-service"}
{"level":"error","message":{"data":{"age":"22","email":"ashu","gender":"Male","name":"Toshiba Ansari","password":"$2b$12$1lQIprxKjj8iBWFGT3tYte0BQLlxthRJ5OTIsGXaGasrIYZB3/Jt.","phone":"7339900265","profileImageURL":"2024-01-03T19_41_37.238Z1628166011161.jpg"},"error":"User validation failed: email: Please Enter Valid Email format","time":"Thu Jan 04 2024 01:11:37 GMT+0530 (India Standard Time)","url":"/api/users/signUp"},"service":"user-service"}
{"level":"error","message":{"data":{"age":"22","email":"ashu.","gender":"Female","name":"Toshiba Ansari","password":"$2b$12$F.wwKtW05LsD3diX1K5vjODxY5P22y3AzwT3XBiy5pQEbAYKdJMWq","phone":"7339900265","profileImageURL":"2024-01-06T05_33_25.297Z1628166046177.jpg"},"error":"User validation failed: email: Please Enter Valid Email format","time":"Sat Jan 06 2024 11:03:25 GMT+0530 (India Standard Time)","url":"/api/users/signUp"},"service":"user-service"}
{"level":"error","message":{"data":{"email":"shaan.ansari1901@gmail.com","password":"B6GGD087"},"error":"Password is Incorrect !","time":"Sat Jan 06 2024 11:10:10 GMT+0530 (India Standard Time)","url":"/api/users/signIn"},"service":"user-service"}
{"level":"error","message":{"data":{},"error":"Account Not Exist with this Email !","time":"Sat Jan 06 2024 11:20:58 GMT+0530 (India Standard Time)","url":"/api/users/forgetPassword/sendOtp/zh887033@gmail.com"},"service":"user-service"}
{"level":"error","message":{"data":{"otp":309506,"password":"A5FFC976"},"error":"Please Generate OTP first","time":"Sat Jan 06 2024 11:22:18 GMT+0530 (India Standard Time)","url":"/api/users/forgetPassword/validateOtp/zh887033@gmail.com"},"service":"user-service"}
{"level":"error","message":{"data":{"otp":309506,"password":""},"error":"Password Can't Be Empty !","time":"Sat Jan 06 2024 11:23:01 GMT+0530 (India Standard Time)","url":"/api/users/forgetPassword/validateOtp/shaan.ansari1901@gmail.com"},"service":"user-service"}
{"level":"error","message":{"data":{},"error":"Minimum One field is Required","time":"Mon Jan 08 2024 00:21:32 GMT+0530 (India Standard Time)","url":"/api/posts/createPost"},"service":"user-service"}
{"level":"error","message":{"data":{},"error":"Post not found !!","time":"Mon Jan 08 2024 00:29:48 GMT+0530 (India Standard Time)","url":"/api/posts/getOnePost/65835070d4ead00b52abe614"},"service":"user-service"}
{"level":"error","message":{"data":{},"error":"Post not found !!","time":"Mon Jan 08 2024 00:30:44 GMT+0530 (India Standard Time)","url":"/api/posts/getOnePost/65835070d4ead00b52abe614"},"service":"user-service"}
{"level":"error","message":{"data":{},"error":"Post not found !!","time":"Mon Jan 08 2024 00:31:11 GMT+0530 (India Standard Time)","url":"/api/posts/getOnePost/65835070d4ead00b52abe614"},"service":"user-service"}
{"level":"error","message":{"data":{"caption":"Always be with me","imageURL":"2024-01-07T19_43_06.701Z1628166046177.jpg","location":"Baran, Rajasthan","tags":""},"error":"Post not found","time":"Mon Jan 08 2024 01:13:06 GMT+0530 (India Standard Time)","url":"/api/posts/updatePost/659af2c1bdbe214c3fbfe03c"},"service":"user-service"}
{"level":"error","message":{"data":{},"error":"Post not found !!","time":"Mon Jan 08 2024 01:28:00 GMT+0530 (India Standard Time)","url":"/api/posts/getOnePost/65835070d4ead00b52abe614"},"service":"user-service"}
{"level":"error","message":{"data":{"id":"6598f38d613f5bfafef19219","type":"Post"},"error":"SOmething went wrong !!","time":"Mon Jan 08 2024 10:30:38 GMT+0530 (India Standard Time)","url":"/api/likes/addLike"},"service":"user-service"}
{"level":"error","message":{"data":{"id":"6598f38d613f5bfafef19219","type":"Post"},"error":"SOmething went wrong !!","time":"Mon Jan 08 2024 10:37:58 GMT+0530 (India Standard Time)","url":"/api/likes/addLike"},"service":"user-service"}
{"level":"error","message":{"data":{"id":"6598e5b3a31aba94099db9ab","type":"User"},"error":"Use of expired sessions is not permitted","time":"Tue Jan 09 2024 00:56:25 GMT+0530 (India Standard Time)","url":"/api/likes/addLike"},"service":"user-service"}
{"level":"error","message":{"data":{"id":"6598e5b3a31aba94099db9ab","type":"User"},"error":"Use of expired sessions is not permitted","time":"Tue Jan 09 2024 00:57:50 GMT+0530 (India Standard Time)","url":"/api/likes/addLike"},"service":"user-service"}
{"level":"error","message":{"data":{"id":"6598e5b3a31aba94099db9ab","type":"User"},"error":"Use of expired sessions is not permitted","time":"Tue Jan 09 2024 01:03:57 GMT+0530 (India Standard Time)","url":"/api/likes/addLike"},"service":"user-service"}
{"level":"error","message":{"data":{"id":"6598e5b3a31aba94099db9ab","type":"User"},"error":"Use of expired sessions is not permitted","time":"Tue Jan 09 2024 01:07:46 GMT+0530 (India Standard Time)","url":"/api/likes/addLike"},"service":"user-service"}
{"level":"error","message":{"data":{"id":"6598e5b3a31aba94099db9ab","type":"User"},"error":"Use of expired sessions is not permitted","time":"Wed Jan 10 2024 11:24:48 GMT+0530 (India Standard Time)","url":"/api/likes/addLike"},"service":"user-service"}
{"level":"error","message":{"data":{"id":"6598e5b3a31aba94099db9ab","type":"User"},"error":"Cast to ObjectId failed for value \"{\n  session: ClientSession {\n    _events: [Object: null prototype] { ended: [Function] },\n    _eventsCount: 1,\n    _maxListeners: undefined,\n    client: MongoClient {\n      _events: [Object: null prototype],\n      _eventsCount: 1,\n      _maxListeners: 0,\n      mongoLogger: [MongoLogger],\n      s: [Object],\n      connectionLock: undefined,\n      topology: [Topology],\n      [Symbol(kCapture)]: false,\n      [Symbol(options)]: [Object: null prototype]\n    },\n    sessionPool: ServerSessionPool { client: [MongoClient], sessions: [List] },\n    hasEnded: false,\n    clientOptions: [Object: null prototype] {\n      hosts: [Array],\n      credentials: [MongoCredentials],\n      compressors: [Array],\n      connectTimeoutMS: 30000,\n      dbName: 'PostAway',\n      directConnection: false,\n      driverInfo: [Object],\n      enableUtf8Validation: true,\n      forceServerObjectId: false,\n      heartbeatFrequencyMS: 10000,\n      loadBalanced: false,\n      localThresholdMS: 15,\n      maxConnecting: 2,\n      maxIdleTimeMS: 0,\n      maxPoolSize: 100,\n      minPoolSize: 0,\n      minHeartbeatFrequencyMS: 500,\n      monitorCommands: false,\n      noDelay: true,\n      pkFactory: [Object],\n      raw: false,\n      readPreference: [ReadPreference],\n      retryReads: true,\n      retryWrites: true,\n      serverSelectionTimeoutMS: 30000,\n      socketTimeoutMS: 0,\n      srvMaxHosts: 0,\n      srvServiceName: 'mongodb',\n      waitQueueTimeoutMS: 0,\n      zlibCompressionLevel: 0,\n      userSpecifiedAuthSource: false,\n      userSpecifiedReplicaSet: false,\n      srvHost: 'cluster0.eedd7pm.mongodb.net',\n      tls: true,\n      mongoLoggerOptions: [Object],\n      metadata: [Object],\n      replicaSet: 'atlas-dvewrv-shard-0',\n      [Symbol(@@mdb.enableMongoLogger)]: false\n    },\n    explicit: true,\n    supports: { causalConsistency: true },\n    clusterTime: undefined,\n    operationTime: undefined,\n    owner: undefined,\n    defaultTransactionOptions: {},\n    transaction: Transaction {\n      state: 'STARTING_TRANSACTION',\n      options: [Object],\n      _pinnedServer: undefined,\n      _recoveryToken: undefined\n    },\n    [Symbol(kCapture)]: false,\n    [Symbol(snapshotEnabled)]: false,\n    [Symbol(serverSession)]: ServerSession {\n      id: [Object],\n      lastUse: 1178400491,\n      txnNumber: 0,\n      isDirty: false\n    },\n    [Symbol(txnNumberIncrement)]: 1\n  }\n}\" (type Object) at path \"likes\" because of \"BSONError\"","time":"Wed Jan 10 2024 11:27:31 GMT+0530 (India Standard Time)","url":"/api/likes/addLike"},"service":"user-service"}
{"level":"error","message":{"data":{"id":"6598e5b3a31aba94099db9ab","type":"User"},"error":"session is not defined","time":"Wed Jan 10 2024 11:29:26 GMT+0530 (India Standard Time)","url":"/api/likes/addLike"},"service":"user-service"}
{"level":"error","message":{"data":{"id":"6598e5b3a31aba94099db9ab","type":"User"},"error":"session is not defined","time":"Wed Jan 10 2024 11:45:14 GMT+0530 (India Standard Time)","url":"/api/likes/addLike"},"service":"user-service"}
{"level":"error","message":{"data":{"id":"6598e5b3a31aba94099db9ab","type":"User"},"error":"Already Liked This User","time":"Wed Jan 10 2024 11:47:35 GMT+0530 (India Standard Time)","url":"/api/likes/addLike"},"service":"user-service"}
{"level":"error","message":{"data":{"id":"6598e5b3a31aba94099db9ab","type":"User"},"error":"Already Liked This User","time":"Wed Jan 10 2024 11:49:25 GMT+0530 (India Standard Time)","url":"/api/likes/addLike"},"service":"user-service"}
{"level":"error","message":{"data":{"id":"6598e5b3a31aba94099db9ab","type":"User"},"error":"Already Liked This User","time":"Wed Jan 10 2024 11:55:02 GMT+0530 (India Standard Time)","url":"/api/likes/addLike"},"service":"user-service"}
{"level":"error","message":{"data":{"id":"6598e5b3a31aba94099db9ab","type":"User"},"error":"Already Liked This User","time":"Wed Jan 10 2024 12:01:12 GMT+0530 (India Standard Time)","url":"/api/likes/addLike"},"service":"user-service"}
{"level":"error","message":{"data":{"likeableDataId":"6598e5b3a31aba94099db9ab","type":"User"},"error":"Like not found !!","time":"Wed Jan 10 2024 12:02:26 GMT+0530 (India Standard Time)","url":"/api/likes/removeLike/659e3697d463b7ae73bdbfb3"},"service":"user-service"}
{"level":"error","message":{"data":{"likeableDataId":"6598e5b3a31aba94099db9ab","type":"User"},"error":"Like not found !!","time":"Wed Jan 10 2024 12:02:40 GMT+0530 (India Standard Time)","url":"/api/likes/removeLike/659e3697d463b7ae73bdbfb3"},"service":"user-service"}
{"level":"error","message":{"data":{"likeableDataId":"6598e5b3a31aba94099db9ab","type":"User"},"error":"Like not found !!","time":"Wed Jan 10 2024 12:02:41 GMT+0530 (India Standard Time)","url":"/api/likes/removeLike/659e3697d463b7ae73bdbfb3"},"service":"user-service"}
{"level":"error","message":{"data":{"id":"6598e5b3a31aba94099db9ab","type":"User"},"error":"Already Liked This User","time":"Wed Jan 10 2024 12:03:08 GMT+0530 (India Standard Time)","url":"/api/likes/addLike"},"service":"user-service"}
{"level":"error","message":{"data":{"likeableDataId":"6598e5b3a31aba94099db9ab","type":"User"},"error":"Like not found !!","time":"Wed Jan 10 2024 12:03:13 GMT+0530 (India Standard Time)","url":"/api/likes/removeLike/659e3697d463b7ae73bdbfb3"},"service":"user-service"}
{"level":"error","message":{"data":{"likeableDataId":"659e3a10d463b7ae73bf60f0","type":"User"},"error":"Like not found !!","time":"Wed Jan 10 2024 12:03:29 GMT+0530 (India Standard Time)","url":"/api/likes/removeLike/659e3697d463b7ae73bdbfb3"},"service":"user-service"}
{"level":"error","message":{"data":{"likeableDataId":"6598e5b3a31aba94099db9ab","type":"User"},"error":"Like not found !!","time":"Wed Jan 10 2024 12:03:45 GMT+0530 (India Standard Time)","url":"/api/likes/removeLike/659e3a10d463b7ae73bf60f0"},"service":"user-service"}
{"level":"error","message":{"data":{"id":"6598e5b3a31aba94099db9ab","type":"User"},"error":"Or Bhai","time":"Wed Jan 10 2024 12:04:40 GMT+0530 (India Standard Time)","url":"/api/likes/addLike"},"service":"user-service"}
{"level":"error","message":{"data":{"id":"6598e5b3a31aba94099db9ab","type":"User"},"error":"Or Bhai","time":"Wed Jan 10 2024 12:05:50 GMT+0530 (India Standard Time)","url":"/api/likes/addLike"},"service":"user-service"}
{"level":"error","message":{"data":{"likeableDataId":"6598e5b3a31aba94099db9ab","type":"User"},"error":"Like not found !!","time":"Wed Jan 10 2024 12:07:42 GMT+0530 (India Standard Time)","url":"/api/likes/removeLike/659e3afbd463b7ae73bfcbf9"},"service":"user-service"}
{"level":"error","message":{"data":{"likeableDataId":"6598e5b3a31aba94099db9ab","type":"User"},"error":"Error: Something went wrong","time":"Wed Jan 10 2024 12:10:21 GMT+0530 (India Standard Time)","url":"/api/likes/removeLike/659e3b40d463b7ae73bfebbe"},"service":"user-service"}
{"level":"error","message":{"data":{"likeableDataId":"6598e5b3a31aba94099db9ab","type":"User"},"error":"Error: Something went wrong","time":"Wed Jan 10 2024 12:10:35 GMT+0530 (India Standard Time)","url":"/api/likes/removeLike/659e3b40d463b7ae73bfebbe"},"service":"user-service"}
{"level":"error","message":{"data":{"email":"shaan.ansari1901@gmail.com","password":"Ashu@1234"},"error":"Password is Incorrect !","time":"Thu Jan 11 2024 01:50:40 GMT+0530 (India Standard Time)","url":"/api/users/signIn"},"service":"user-service"}
{"level":"error","message":{"data":{},"time":"Thu Jan 11 2024 01:56:14 GMT+0530 (India Standard Time)","url":"/api/friends/sendRequest/6587d8d8a24498fbb0f791d6"},"service":"user-service"}
{"level":"error","message":{"data":{},"error":"Class constructor ApplicationError cannot be invoked without 'new'","time":"Thu Jan 11 2024 01:57:06 GMT+0530 (India Standard Time)","url":"/api/friends/sendRequest/6587d8d8a24498fbb0f791d6"},"service":"user-service"}
{"level":"error","message":{"data":{},"error":"User not found","time":"Thu Jan 11 2024 01:57:25 GMT+0530 (India Standard Time)","url":"/api/friends/sendRequest/6587d8d8a24498fbb0f791d6"},"service":"user-service"}
{"level":"error","message":{"data":{},"error":"Request not found !!","time":"Thu Jan 11 2024 11:10:48 GMT+0530 (India Standard Time)","url":"/api/friends/acceptRequest/6598e5b3a31aba94099db9ab"},"service":"user-service"}
{"level":"error","message":{"data":{},"error":"Request not found !!","time":"Thu Jan 11 2024 11:12:07 GMT+0530 (India Standard Time)","url":"/api/friends/acceptRequest/6598e5b3a31aba94099db9ab"},"service":"user-service"}
{"level":"error","message":{"data":{},"error":"FriendModel.findOne(...).populate(...).project is not a function","time":"Thu Jan 11 2024 11:24:45 GMT+0530 (India Standard Time)","url":"/api/friends/getFriends"},"service":"user-service"}
{"level":"error","message":{"data":{},"error":"FriendModel.findOne(...).projection(...).populate is not a function","time":"Thu Jan 11 2024 11:28:18 GMT+0530 (India Standard Time)","url":"/api/friends/getFriends"},"service":"user-service"}
{"level":"error","message":{"data":{},"error":"FriendModel.findOne(...).populate(...).aggregate is not a function","time":"Thu Jan 11 2024 11:29:33 GMT+0530 (India Standard Time)","url":"/api/friends/getFriends"},"service":"user-service"}
{"level":"error","message":{"data":{},"error":"User not found","time":"Thu Jan 11 2024 11:31:13 GMT+0530 (India Standard Time)","url":"/api/friends/sendRequest/6598f38d613f5bfafef19219"},"service":"user-service"}
{"level":"error","message":{"data":{},"error":"This user is Friend Already","time":"Thu Jan 11 2024 11:40:38 GMT+0530 (India Standard Time)","url":"/api/friends/sendRequest/659efc6031a426e4685107fd"},"service":"user-service"}
{"level":"error","message":{"data":{},"error":"Request not found for the User","time":"Thu Jan 11 2024 12:06:23 GMT+0530 (India Standard Time)","url":"/api/friends/rejectRequest/659efc6031a426e4685107fd"},"service":"user-service"}
{"level":"error","message":{"data":{},"error":"Request not self to itself","time":"Thu Jan 11 2024 22:09:01 GMT+0530 (India Standard Time)","url":"/api/friends/sendRequest/659101ac59e1488940203fb1"},"service":"user-service"}
{"level":"error","message":{"data":{},"error":"Request not self to itself","time":"Thu Jan 11 2024 22:09:16 GMT+0530 (India Standard Time)","url":"/api/friends/sendRequest/659101ac59e1488940203fb1"},"service":"user-service"}
{"level":"error","message":{"data":{},"error":"Request not send to self !!","time":"Thu Jan 11 2024 22:22:11 GMT+0530 (India Standard Time)","url":"/api/friends/sendRequest/659101ac59e1488940203fb1"},"service":"user-service"}
{"level":"error","message":{"data":{},"error":"Request not found !!","time":"Thu Jan 11 2024 22:23:46 GMT+0530 (India Standard Time)","url":"/api/friends/acceptRequest/6598e5b3a31aba94099db9ab"},"service":"user-service"}
{"level":"error","message":{"data":{},"error":"Request not found for the User !!","time":"Thu Jan 11 2024 22:23:56 GMT+0530 (India Standard Time)","url":"/api/friends/rejectRequest/6598e5b3a31aba94099db9ab"},"service":"user-service"}
{"level":"error","message":{"data":{},"error":"Request not found for the User !!","time":"Thu Jan 11 2024 22:24:22 GMT+0530 (India Standard Time)","url":"/api/friends/rejectRequest/6598e5b3a31aba94099db9ab"},"service":"user-service"}
{"level":"error","message":{"data":{},"error":"Both are not friends !!","time":"Thu Jan 11 2024 22:25:12 GMT+0530 (India Standard Time)","url":"/api/friends/removeFriend/6598e5b3a31aba94099db9ab"},"service":"user-service"}
{"level":"error","message":{"data":{},"error":"Request not found for the User !!","time":"Thu Jan 11 2024 22:25:19 GMT+0530 (India Standard Time)","url":"/api/friends/rejectRequest/6598e5b3a31aba94099db9ab"},"service":"user-service"}
{"level":"error","message":{"data":{},"error":"Request not send to self !!","time":"Thu Jan 11 2024 22:28:16 GMT+0530 (India Standard Time)","url":"/api/friends/sendRequest/6598e5b3a31aba94099db9ab"},"service":"user-service"}
{"level":"error","message":{"data":{},"error":"Already Requested !!","time":"Fri Jan 12 2024 01:06:56 GMT+0530 (India Standard Time)","url":"/api/friends/sendRequest/659101ac59e1488940203fb1"},"service":"user-service"}
{"level":"error","message":{"data":{},"error":"Already Requested !!","time":"Fri Jan 12 2024 01:07:28 GMT+0530 (India Standard Time)","url":"/api/friends/sendRequest/659101ac59e1488940203fb1"},"service":"user-service"}
{"level":"error","message":{"data":{},"error":"Already Requested !!","time":"Fri Jan 12 2024 01:07:30 GMT+0530 (India Standard Time)","url":"/api/friends/sendRequest/659101ac59e1488940203fb1"},"service":"user-service"}
{"level":"error","message":{"data":{},"error":"Already Requested !!","time":"Fri Jan 12 2024 01:10:53 GMT+0530 (India Standard Time)","url":"/api/friends/sendRequest/6598e5b3a31aba94099db9ab"},"service":"user-service"}
{"level":"error","message":{"data":{},"error":"Request not found for the User !!","time":"Fri Jan 12 2024 01:11:06 GMT+0530 (India Standard Time)","url":"/api/friends/rejectRequest/6598e5b3a31aba94099db9ab"},"service":"user-service"}
{"level":"error","message":{"data":{},"error":"Already Requested !!","time":"Fri Jan 12 2024 12:29:34 GMT+0530 (India Standard Time)","url":"/api/friends/sendRequest/6598e5b3a31aba94099db9ab"},"service":"user-service"}
{"level":"error","message":{"data":{},"error":"Already Requested !!","time":"Fri Jan 12 2024 12:29:35 GMT+0530 (India Standard Time)","url":"/api/friends/sendRequest/6598e5b3a31aba94099db9ab"},"service":"user-service"}
{"level":"error","message":{"data":{},"error":"Request not found !!","time":"Fri Jan 12 2024 12:29:44 GMT+0530 (India Standard Time)","url":"/api/friends/acceptRequest/6598e5b3a31aba94099db9ab"},"service":"user-service"}
{"level":"error","message":{"data":{},"error":"Request not found !!","time":"Fri Jan 12 2024 12:29:46 GMT+0530 (India Standard Time)","url":"/api/friends/acceptRequest/6598e5b3a31aba94099db9ab"},"service":"user-service"}
{"level":"error","message":{"data":{},"error":"Request not found !!","time":"Fri Jan 12 2024 12:29:51 GMT+0530 (India Standard Time)","url":"/api/friends/acceptRequest/6598e5b3a31aba94099db9ab"},"service":"user-service"}
{"level":"error","message":{"data":{},"error":"Request not found for the User !!","time":"Fri Jan 12 2024 12:29:56 GMT+0530 (India Standard Time)","url":"/api/friends/rejectRequest/6598e5b3a31aba94099db9ab"},"service":"user-service"}
{"level":"error","message":{"data":{},"error":"Both are not friends !!","time":"Fri Jan 12 2024 12:30:02 GMT+0530 (India Standard Time)","url":"/api/friends/removeFriend/6598e5b3a31aba94099db9ab"},"service":"user-service"}
{"level":"error","message":{"data":{},"error":"Already Requested !!","time":"Fri Jan 12 2024 12:30:33 GMT+0530 (India Standard Time)","url":"/api/friends/sendRequest/659101ac59e1488940203fb1"},"service":"user-service"}
{"level":"error","message":{"data":{},"error":"Already Requested !!","time":"Fri Jan 12 2024 12:30:36 GMT+0530 (India Standard Time)","url":"/api/friends/sendRequest/659101ac59e1488940203fb1"},"service":"user-service"}
{"level":"error","message":{"data":{},"error":"Already Requested !!","time":"Fri Jan 12 2024 12:30:38 GMT+0530 (India Standard Time)","url":"/api/friends/sendRequest/659101ac59e1488940203fb1"},"service":"user-service"}
{"level":"error","message":{"data":{},"error":"Already Requested !!","time":"Fri Jan 12 2024 12:30:40 GMT+0530 (India Standard Time)","url":"/api/friends/sendRequest/659101ac59e1488940203fb1"},"service":"user-service"}
{"level":"error","message":{"data":{},"error":"Already Requested !!","time":"Fri Jan 12 2024 12:30:43 GMT+0530 (India Standard Time)","url":"/api/friends/sendRequest/659101ac59e1488940203fb1"},"service":"user-service"}
{"level":"error","message":{"data":{},"error":"Already Requested !!","time":"Fri Jan 12 2024 12:30:45 GMT+0530 (India Standard Time)","url":"/api/friends/sendRequest/659101ac59e1488940203fb1"},"service":"user-service"}
{"level":"error","message":{"data":{},"error":"Already Requested !!","time":"Fri Jan 12 2024 12:30:47 GMT+0530 (India Standard Time)","url":"/api/friends/sendRequest/659101ac59e1488940203fb1"},"service":"user-service"}
{"level":"error","message":{"data":{},"error":"Already Requested !!","time":"Fri Jan 12 2024 12:30:50 GMT+0530 (India Standard Time)","url":"/api/friends/sendRequest/659101ac59e1488940203fb1"},"service":"user-service"}
{"level":"error","message":{"data":{},"error":"Already Requested !!","time":"Fri Jan 12 2024 12:30:52 GMT+0530 (India Standard Time)","url":"/api/friends/sendRequest/659101ac59e1488940203fb1"},"service":"user-service"}
{"level":"error","message":{"data":{},"error":"Already Requested !!","time":"Fri Jan 12 2024 12:30:54 GMT+0530 (India Standard Time)","url":"/api/friends/sendRequest/659101ac59e1488940203fb1"},"service":"user-service"}
{"level":"error","message":{"data":{},"error":"Request not found !!","time":"Fri Jan 12 2024 12:31:23 GMT+0530 (India Standard Time)","url":"/api/friends/acceptRequest/659101ac59e1488940203fb1"},"service":"user-service"}
{"level":"error","message":{"data":{},"error":"Request not found !!","time":"Fri Jan 12 2024 12:31:25 GMT+0530 (India Standard Time)","url":"/api/friends/acceptRequest/659101ac59e1488940203fb1"},"service":"user-service"}
{"level":"error","message":{"data":{},"error":"Both are not friends !!","time":"Fri Jan 12 2024 12:31:33 GMT+0530 (India Standard Time)","url":"/api/friends/removeFriend/659101ac59e1488940203fb1"},"service":"user-service"}
{"level":"error","message":{"data":{},"error":"Both are not friends !!","time":"Fri Jan 12 2024 12:31:49 GMT+0530 (India Standard Time)","url":"/api/friends/removeFriend/659101ac59e1488940203fb1"},"service":"user-service"}
{"level":"error","message":{"data":{"caption":"Missing SomeOne Badly at Late Night"},"error":"Unexpected field","time":"Sun Jan 14 2024 00:58:21 GMT+0530 (India Standard Time)","url":"/api/posts/createPost"},"service":"user-service"}
{"level":"error","message":{"data":{"comment":"Ek Number Bhai..","postId":"65a2e49f1fbf2d5695cf366b"},"error":"session.abortTransaction is not a function","time":"Sun Jan 14 2024 01:00:00 GMT+0530 (India Standard Time)","url":"/api/comments/newComment"},"service":"user-service"}
{"level":"error","message":{"data":{"comment":"Ek Number Bhai..","postId":"65a2e49f1fbf2d5695cf366b"},"error":"session.abortTransaction is not a function","time":"Sun Jan 14 2024 01:00:54 GMT+0530 (India Standard Time)","url":"/api/comments/newComment"},"service":"user-service"}
{"level":"error","message":{"data":{"comment":"Ek Number Bhai..","postId":"65a2e49f1fbf2d5695cf366b"},"error":"session.abortTransaction is not a function","time":"Sun Jan 14 2024 01:01:56 GMT+0530 (India Standard Time)","url":"/api/comments/newComment"},"service":"user-service"}
{"level":"error","message":{"data":{"comment":"Ek Number Bhai..","postId":"65a2e49f1fbf2d5695cf366b"},"error":"session.abortTransaction is not a function","time":"Sun Jan 14 2024 01:02:44 GMT+0530 (India Standard Time)","url":"/api/comments/newComment"},"service":"user-service"}
{"level":"error","message":{"data":{},"error":"CommentModel.find(...).project is not a function","time":"Sun Jan 14 2024 01:07:02 GMT+0530 (India Standard Time)","url":"/api/comments/getComments/65a2e49f1fbf2d5695cf366b"},"service":"user-service"}
{"level":"error","message":{"data":{},"error":"input must be a 24 character hex string, 12 byte Uint8Array, or an integer","time":"Sun Jan 14 2024 01:07:26 GMT+0530 (India Standard Time)","url":"/api/comments/getComments/65a2e49f1fbf2d569hcf366b"},"service":"user-service"}
{"level":"error","message":{"data":{},"error":"input must be a 24 character hex string, 12 byte Uint8Array, or an integer","time":"Sun Jan 14 2024 01:08:04 GMT+0530 (India Standard Time)","url":"/api/comments/getComments/65a2e49f1fbf2d569hcf366b"},"service":"user-service"}
{"level":"error","message":{"data":{},"error":"input must be a 24 character hex string, 12 byte Uint8Array, or an integer","time":"Sun Jan 14 2024 01:08:30 GMT+0530 (India Standard Time)","url":"/api/comments/getComments/65a2e49f1fbf2d569hcf366b"},"service":"user-service"}
{"level":"error","message":{"data":{},"error":"input must be a 24 character hex string, 12 byte Uint8Array, or an integer","time":"Sun Jan 14 2024 01:10:11 GMT+0530 (India Standard Time)","url":"/api/comments/getComments/65a2e49f1fbf2d569hcf366b"},"service":"user-service"}
{"level":"error","message":{"data":{},"error":"Right-hand side of 'instanceof' is not callable","time":"Sun Jan 14 2024 01:10:24 GMT+0530 (India Standard Time)","url":"/api/comments/getComments/65a2e49f1fbf2d569hcf366b"},"service":"user-service"}
{"level":"error","message":{"data":{},"error":"input must be a 24 character hex string, 12 byte Uint8Array, or an integer","time":"Sun Jan 14 2024 01:10:44 GMT+0530 (India Standard Time)","url":"/api/comments/getComments/65a2e49f1fbf2d569hcf366b"},"service":"user-service"}
{"level":"error","message":{"data":{},"error":"input must be a 24 character hex string, 12 byte Uint8Array, or an integer","time":"Sun Jan 14 2024 01:11:31 GMT+0530 (India Standard Time)","url":"/api/comments/getComments/65a2e49f1fbf2d569hcf366b"},"service":"user-service"}
{"level":"error","message":{"data":{"age":"56","email":"zh887033@gmail.com","gender":"Male","name":"Zakir Hussain Ansari","password":"$2b$12$v2vZE6EFq8BQL7nPsVx8A.HM3cCZ07/Lw15Ochpq/GwkTR9gcPALu","phone":"9929711739","profileImageURL":"2024-01-13T19_41_55.368Z1628166046177.jpg"},"error":"E11000 duplicate key error collection: PostAway.users index: phone_1 dup key: { phone: \"9929711739\" }","time":"Sun Jan 14 2024 01:11:56 GMT+0530 (India Standard Time)","url":"/api/users/signUp"},"service":"user-service"}
{"level":"error","message":{"data":{"age":"56","email":"zh887033@gmail.com","gender":"Male","name":"Zakir Hussain Ansari","password":"$2b$12$EWE0uv384NvOJLCVFZ48iu5Vse.i9LR2kfJL7nNOqpDwwOBrSakxu","phone":"9929711739","profileImageURL":"2024-01-13T19_43_34.859Z1628166046177.jpg"},"error":"E11000 duplicate key error collection: PostAway.users index: phone_1 dup key: { phone: \"9929711739\" }","time":"Sun Jan 14 2024 01:13:35 GMT+0530 (India Standard Time)","url":"/api/users/signUp"},"service":"user-service"}
{"level":"error","message":{"data":{"age":"56","email":"zh887033@gmail.com","gender":"Male","name":"Zakir Hussain Ansari","password":"$2b$12$VMRpYXPe4rpmWmkMZ7f4LuI.Rx07Kb6GyKH4PKYBcJl6Yp15T8NQm","phone":"9929711739","profileImageURL":"2024-01-13T19_44_16.604Z1628166046177.jpg"},"error":"E11000 duplicate key error collection: PostAway.users index: phone_1 dup key: { phone: \"9929711739\" }","time":"Sun Jan 14 2024 01:14:17 GMT+0530 (India Standard Time)","url":"/api/users/signUp"},"service":"user-service"}
{"level":"error","message":{"data":{"age":"56","email":"zh887033@gmail.com","gender":"Male","name":"Zakir Hussain Ansari","password":"$2b$12$kTUQd8Xrs4vgCLeREPRAae2cgLY.X1ggqN8FO888lFdIw./6VhTdi","phone":"9929711739","profileImageURL":"2024-01-13T19_45_41.431Z1628166046177.jpg"},"error":"E11000 duplicate key error collection: PostAway.users index: phone_1 dup key: { phone: \"9929711739\" }","time":"Sun Jan 14 2024 01:15:41 GMT+0530 (India Standard Time)","url":"/api/users/signUp"},"service":"user-service"}
{"level":"error","message":{"data":{"age":"56","email":"zh887033@gmail.com","gender":"Male","name":"Zakir Hussain Ansari","password":"$2b$12$imN.npYTSDYk7b1BbZF5bOfqb6dDtOIiiHkb5RN2A3QcxjRX/MSuu","phone":"9929711739","profileImageURL":"2024-01-13T19_46_25.947Z1628166046177.jpg"},"error":"E11000 duplicate key error collection: PostAway.users index: phone_1 dup key: { phone: \"9929711739\" }","time":"Sun Jan 14 2024 01:16:26 GMT+0530 (India Standard Time)","url":"/api/users/signUp"},"service":"user-service"}
{"level":"error","message":{"data":{"age":"56","email":"zh887033@gmail.com","gender":"Male","name":"Zakir Hussain Ansari","password":"$2b$12$bdYxunAsaQfm98ryHCga.uXGjbSxM4X7r7hCxS1CdPVpLSApmVSfS","phone":"9119145616","profileImageURL":"2024-01-13T19_46_43.178Z1628166046177.jpg"},"error":"E11000 duplicate key error collection: PostAway.users index: phone_1 dup key: { phone: \"9119145616\" }","time":"Sun Jan 14 2024 01:16:43 GMT+0530 (India Standard Time)","url":"/api/users/signUp"},"service":"user-service"}
{"level":"error","message":{"data":{"age":"56","email":"zh887033@gmail.com","gender":"Male","name":"Zakir Hussain Ansari","password":"$2b$12$TLfkYFtxo7SEaYqul9alheJlfCRPOw7G9f/ig84MZjZ6AT9fsQwt6","phone":"7877138835","profileImageURL":"2024-01-13T19_46_50.495Z1628166046177.jpg"},"error":"E11000 duplicate key error collection: PostAway.users index: email_1 dup key: { email: \"zh887033@gmail.com\" }","time":"Sun Jan 14 2024 01:16:52 GMT+0530 (India Standard Time)","url":"/api/users/signUp"},"service":"user-service"}
{"level":"error","message":{"data":{},"error":"Please Provide PostId","time":"Sun Jan 14 2024 01:22:34 GMT+0530 (India Standard Time)","url":"/api/comments/getComment/65a2e57d0e66de2dba058b25"},"service":"user-service"}
{"level":"error","message":{"data":{},"error":"Please Provide CommentId","time":"Sun Jan 14 2024 01:23:10 GMT+0530 (India Standard Time)","url":"/api/comments/getComment/65a2e57d0e66de2dba058b25"},"service":"user-service"}
{"level":"error","message":{"data":{},"error":"Please Provide CommentId","time":"Sun Jan 14 2024 01:23:13 GMT+0530 (India Standard Time)","url":"/api/comments/getComment/65a2e57d0e66de2dba058b25"},"service":"user-service"}
{"level":"error","message":{"data":{},"error":"Please Provide CommentId","time":"Sun Jan 14 2024 01:23:48 GMT+0530 (India Standard Time)","url":"/api/comments/getComment/65a2e57d0e66de2dba058b25"},"service":"user-service"}
{"level":"error","message":{"data":{},"error":"Please Provide CommentId","time":"Sun Jan 14 2024 01:24:12 GMT+0530 (India Standard Time)","url":"/api/comments/getComment/65a2e57d0e66de2dba058b25"},"service":"user-service"}
{"level":"error","message":{"data":{},"error":"Please Provide CommentId","time":"Sun Jan 14 2024 01:24:47 GMT+0530 (India Standard Time)","url":"/api/comments/getComment/65a2e57d0e66de2dba058b25"},"service":"user-service"}
{"level":"error","message":{"data":{},"error":"Cannot read properties of undefined (reading 'commentId')","time":"Sun Jan 14 2024 01:25:18 GMT+0530 (India Standard Time)","url":"/api/comments/getComment/65a2e57d0e66de2dba058b25"},"service":"user-service"}
{"level":"error","message":{"data":{},"error":"Cannot read properties of undefined (reading 'commentId')","time":"Sun Jan 14 2024 01:25:50 GMT+0530 (India Standard Time)","url":"/api/comments/getComment/65a2e57d0e66de2dba058b25"},"service":"user-service"}
{"level":"error","message":{"data":{},"error":"commentId is not defined","time":"Sun Jan 14 2024 01:26:54 GMT+0530 (India Standard Time)","url":"/api/comments/getComment/65a2e57d0e66de2dba058b25"},"service":"user-service"}
{"level":"error","message":{"data":{},"error":"Cast to ObjectId failed for value \"65a2e57d0e6de2dba058b25\" (type string) at path \"_id\" for model \"Comment\"","time":"Sun Jan 14 2024 01:28:31 GMT+0530 (India Standard Time)","url":"/api/comments/getComment/65a2e57d0e6de2dba058b25"},"service":"user-service"}
{"level":"error","message":{"data":{},"error":"Cast to ObjectId failed for value \"65a2e57d0e6de2dba058b25\" (type string) at path \"_id\" for model \"Comment\"","time":"Sun Jan 14 2024 01:28:58 GMT+0530 (India Standard Time)","url":"/api/comments/getComment/65a2e57d0e6de2dba058b25"},"service":"user-service"}
{"level":"error","message":{"data":{},"error":"Cast to ObjectId failed for value \"65a2e57d0e6de2dba058b25\" (type string) at path \"_id\" for model \"Comment\"","time":"Sun Jan 14 2024 01:29:17 GMT+0530 (India Standard Time)","url":"/api/comments/getComment/65a2e57d0e6de2dba058b25"},"service":"user-service"}
{"level":"error","message":{"data":{},"error":"Cast to ObjectId failed for value \"65a2e57d0e6de2dba058b25\" (type string) at path \"_id\" for model \"Comment\"","time":"Sun Jan 14 2024 01:29:43 GMT+0530 (India Standard Time)","url":"/api/comments/getComment/65a2e57d0e6de2dba058b25"},"service":"user-service"}
{"level":"error","message":{"data":{},"error":"Cast to ObjectId failed for value \"65a2e57d0e6de2dba058b25\" (type string) at path \"_id\" for model \"Comment\"","time":"Sun Jan 14 2024 01:30:24 GMT+0530 (India Standard Time)","url":"/api/comments/getComment/65a2e57d0e6de2dba058b25"},"service":"user-service"}
{"level":"error","message":{"data":{},"error":"Cast to ObjectId failed for value \"65a2e57d0e6de2dba058b25\" (type string) at path \"_id\" for model \"Comment\"","time":"Sun Jan 14 2024 01:31:46 GMT+0530 (India Standard Time)","url":"/api/comments/getComment/65a2e57d0e6de2dba058b25"},"service":"user-service"}
{"level":"error","message":{"data":{},"error":"Cast to ObjectId failed for value \"65a2e57d0e6de2dba058b25\" (type string) at path \"_id\" for model \"Comment\"","time":"Sun Jan 14 2024 01:32:17 GMT+0530 (India Standard Time)","url":"/api/comments/getComment/65a2e57d0e6de2dba058b25"},"service":"user-service"}
{"level":"error","message":{"data":{},"error":"PostId Can't be Empty","time":"Sun Jan 14 2024 01:52:25 GMT+0530 (India Standard Time)","url":"/api/comments/deleteComment/65a2e57d0e66de2dba058b25"},"service":"user-service"}
{"level":"error","message":{"data":{"email":"shaan.ansari1901@gmail.com","password":"A5FFC96"},"error":"Password is Incorrect !","time":"Sun Jan 14 2024 11:40:07 GMT+0530 (India Standard Time)","url":"/api/users/signIn"},"service":"user-service"}
{"level":"error","message":{"data":{"email":"shaan.ansari901@gmail.com","password":"A5FFC96"},"error":"Invalid Credentials","time":"Sun Jan 14 2024 11:40:17 GMT+0530 (India Standard Time)","url":"/api/users/signIn"},"service":"user-service"}
{"level":"error","message":{"data":{},"error":"request entity too large","time":"Sun Jan 14 2024 11:53:55 GMT+0530 (India Standard Time)","url":"/api/users/signUp"},"service":"user-service"}
{"level":"error","message":{"data":{},"error":"request entity too large","time":"Sun Jan 14 2024 11:54:13 GMT+0530 (India Standard Time)","url":"/api/users/signUp"},"service":"user-service"}
{"level":"error","message":{"data":{},"error":"request entity too large","time":"Sun Jan 14 2024 11:55:12 GMT+0530 (India Standard Time)","url":"/api/users/signUp"},"service":"user-service"}
{"level":"error","message":{"data":{},"error":"request entity too large","time":"Sun Jan 14 2024 11:56:51 GMT+0530 (India Standard Time)","url":"/api/users/signUp"},"service":"user-service"}
{"level":"error","message":{"data":{"age":18,"email":"shaan.ansari1901@gmail.com","gender":"Male","name":"Shahnawaaz Ansari","password":"$2b$12$asTF1fOrcyAiSeuBI2QiYOWM.pc6JbhujwVhxITeYbr22sTMqu/qO","phone":"9119145616"},"error":"E11000 duplicate key error collection: PostAway.users index: phone_1 dup key: { phone: \"9119145616\" }","time":"Sun Jan 14 2024 11:58:06 GMT+0530 (India Standard Time)","url":"/api/users/signUp"},"service":"user-service"}
{"level":"error","message":{"data":{},"error":"request entity too large","time":"Sun Jan 14 2024 12:04:58 GMT+0530 (India Standard Time)","url":"/api/posts/create/"},"service":"user-service"}
{"level":"error","message":{"data":{},"error":"request entity too large","time":"Sun Jan 14 2024 12:05:27 GMT+0530 (India Standard Time)","url":"/api/posts/create/"},"service":"user-service"}
{"level":"error","message":{"data":{},"error":"request entity too large","time":"Sun Jan 14 2024 12:11:08 GMT+0530 (India Standard Time)","url":"/api/users/signUp"},"service":"user-service"}
{"level":"error","message":{"data":{},"error":"request entity too large","time":"Sun Jan 14 2024 12:28:07 GMT+0530 (India Standard Time)","url":"/api/users/signUp"},"service":"user-service"}
{"level":"error","message":{"data":{},"error":"request entity too large","time":"Sun Jan 14 2024 12:28:32 GMT+0530 (India Standard Time)","url":"/api/users/signUp"},"service":"user-service"}
{"level":"error","message":{"data":{},"error":"request entity too large","time":"Sun Jan 14 2024 12:30:03 GMT+0530 (India Standard Time)","url":"/api/users/signUp"},"service":"user-service"}
{"level":"error","message":{"data":{},"error":"request entity too large","time":"Sun Jan 14 2024 12:36:10 GMT+0530 (India Standard Time)","url":"/api/users/signUp"},"service":"user-service"}
{"level":"error","message":{"data":{},"error":"request entity too large","time":"Sun Jan 14 2024 12:36:13 GMT+0530 (India Standard Time)","url":"/api/users/signUp"},"service":"user-service"}
{"level":"error","message":{"data":{},"error":"request entity too large","time":"Sun Jan 14 2024 12:37:39 GMT+0530 (India Standard Time)","url":"/api/users/signUp"},"service":"user-service"}
{"level":"error","message":{"data":{},"error":"request entity too large","time":"Sun Jan 14 2024 12:38:09 GMT+0530 (India Standard Time)","url":"/api/users/signUp"},"service":"user-service"}
{"level":"error","message":{"data":{},"error":"request entity too large","time":"Sun Jan 14 2024 12:38:36 GMT+0530 (India Standard Time)","url":"/api/users/signUp"},"service":"user-service"}
{"level":"error","message":{"data":{},"error":"Unexpected token - in JSON at position 0","time":"Sun Jan 14 2024 12:38:56 GMT+0530 (India Standard Time)","url":"/api/users/signUp"},"service":"user-service"}
{"level":"error","message":{"data":{},"error":"Unexpected token - in JSON at position 0","time":"Sun Jan 14 2024 12:40:14 GMT+0530 (India Standard Time)","url":"/api/users/signUp"},"service":"user-service"}
{"level":"error","message":{"data":{},"error":"Unexpected token - in JSON at position 0","time":"Sun Jan 14 2024 12:45:02 GMT+0530 (India Standard Time)","url":"/api/users/signUp"},"service":"user-service"}
{"level":"error","message":{"data":{},"error":"Unexpected token - in JSON at position 0","time":"Sun Jan 14 2024 12:45:42 GMT+0530 (India Standard Time)","url":"/api/users/signUp"},"service":"user-service"}
{"level":"error","message":{"data":{},"error":"request entity too large","time":"Sun Jan 14 2024 12:47:10 GMT+0530 (India Standard Time)","url":"/api/users/signUp"},"service":"user-service"}
{"level":"error","message":{"data":{"otp":309506,"password":""},"error":"Password Can't Be Empty !","time":"Mon Jan 15 2024 11:55:12 GMT+0530 (India Standard Time)","url":"/api/users/forgetPassword/validateOtp/shaan.ansari1901@gmail.com"},"service":"user-service"}
{"level":"error","message":{"data":{"otp":911551,"password":"A5FFC976"},"error":"Incorrect Otp","time":"Mon Jan 15 2024 12:17:57 GMT+0530 (India Standard Time)","url":"/api/users/forgetPassword/validateOtp/zh887033@gmail.com"},"service":"user-service"}
{"level":"error","message":{"error":"maxAge must be a number or Date","time":"Tue Jan 16 2024 00:55:51 GMT+0530 (India Standard Time)","url":"/api/users/forgetPassword/sendOtp/shaan.ansari1901@gmail.com"},"service":"user-service"}
{"level":"error","message":{"data":{"otp":911551,"password":"A5FFC976"},"error":"Incorrect Otp","time":"Tue Jan 16 2024 00:58:36 GMT+0530 (India Standard Time)","url":"/api/users/forgetPassword/validateOtp/zh887033@gmail.com"},"service":"user-service"}
{"level":"error","message":{"data":{"otp":911551,"password":"A5FFC976"},"error":"Incorrect Otp","time":"Tue Jan 16 2024 01:01:36 GMT+0530 (India Standard Time)","url":"/api/users/forgetPassword/validateOtp/zh887033@gmail.com"},"service":"user-service"}
{"level":"error","message":{"data":{"otp":911551,"password":"A5FFC976"},"error":"Incorrect Otp","time":"Tue Jan 16 2024 01:02:40 GMT+0530 (India Standard Time)","url":"/api/users/forgetPassword/validateOtp/zh887033@gmail.com"},"service":"user-service"}
{"level":"error","message":{"data":{"otp":911551,"password":"A5FFC976"},"error":"Incorrect Otp","time":"Tue Jan 16 2024 01:03:17 GMT+0530 (India Standard Time)","url":"/api/users/forgetPassword/validateOtp/zh887033@gmail.com"},"service":"user-service"}
{"level":"error","message":{"data":{"otp":911551,"password":"A5FFC976"},"error":"Please Generate OTP","time":"Tue Jan 16 2024 01:04:05 GMT+0530 (India Standard Time)","url":"/api/users/forgetPassword/validateOtp/zh887033@gmail.com"},"service":"user-service"}
{"level":"error","message":{"data":{"otp":911551,"password":"A5FFC976"},"error":"Please Generate OTP","time":"Tue Jan 16 2024 01:04:34 GMT+0530 (India Standard Time)","url":"/api/users/forgetPassword/validateOtp/zh887033@gmail.com"},"service":"user-service"}
{"level":"error","message":{"data":{"otp":322822,"password":"A5FFC976"},"error":"Please Generate OTP","time":"Tue Jan 16 2024 01:11:41 GMT+0530 (India Standard Time)","url":"/api/users/forgetPassword/validateOtp/shaan.ansari1901@gmail.com"},"service":"user-service"}
{"level":"error","message":{"data":{"otp":322822,"password":"A5FFC976"},"error":"Please Generate OTP","time":"Tue Jan 16 2024 01:11:57 GMT+0530 (India Standard Time)","url":"/api/users/forgetPassword/validateOtp/shaan.ansari1901@gmail.com"},"service":"user-service"}
{"level":"error","message":{"data":{"otp":322822,"password":"A5FFC976"},"error":"Please Generate OTP","time":"Tue Jan 16 2024 01:12:07 GMT+0530 (India Standard Time)","url":"/api/users/forgetPassword/validateOtp/shaan.ansari1901@gmail.com"},"service":"user-service"}
{"level":"error","message":{"data":{},"error":"data and salt arguments required","time":"Tue Jan 16 2024 01:24:00 GMT+0530 (India Standard Time)","url":"/api/users/signUp"},"service":"user-service"}
{"level":"error","message":{"data":{},"error":"data and salt arguments required","time":"Tue Jan 16 2024 01:25:13 GMT+0530 (India Standard Time)","url":"/api/users/signUp"},"service":"user-service"}
{"level":"error","message":{"data":{"age":"18","email":"ashu.home733@gmail.com","gender":"Female","name":"Toshiba","password":"A5FFC976","phone":"7339900265","profileImageURL":"2024-01-15T20_11_29.918ZScreenshot (7).png"},"error":"Nothing","time":"Tue Jan 16 2024 01:41:29 GMT+0530 (India Standard Time)","url":"/api/users/signUp"},"service":"user-service"}
{"level":"error","message":{"data":{"age":"18","email":"ashu.home733@gmail.com","gender":"Female","name":"Toshiba","password":"A5FFC976","phone":"7339900265","profileImageURL":"2024-01-15T20_11_33.276ZScreenshot (7).png"},"error":"Nothing","time":"Tue Jan 16 2024 01:41:33 GMT+0530 (India Standard Time)","url":"/api/users/signUp"},"service":"user-service"}
{"level":"error","message":{"data":{"age":"56","email":"zh887033@gmail.com","gender":"Male","name":"Zakir Hussain Ansari","password":"$2b$12$I88Ggi6Ahi4cdDlW.S4RsuV98we9t.KZ4LyxxVA8ODhgqvWlxXEBC","phone":"7877138835","profileImageURL":"2024-01-15T20_18_08.057Z1628166046189.jpg"},"error":"E11000 duplicate key error collection: PostAway.users index: phone_1 dup key: { phone: \"7877138835\" }","time":"Tue Jan 16 2024 01:48:08 GMT+0530 (India Standard Time)","url":"/api/users/signUp"},"service":"user-service"}
{"level":"error","message":{"data":{"age":"56","email":"zh887033@gmail.com","gender":"Male","name":"Zakir Hussain Ansari","password":"$2b$12$zybqOZZv5paG3EcQr.JSlelTEDN3ms7scatnlOMqY4snQj0vfGAjy","phone":"7877138835","profileImageURL":"2024-01-15T20_18_20.443Z1628166046189.jpg"},"error":"E11000 duplicate key error collection: PostAway.users index: phone_1 dup key: { phone: \"7877138835\" }","time":"Tue Jan 16 2024 01:48:21 GMT+0530 (India Standard Time)","url":"/api/users/signUp"},"service":"user-service"}
{"level":"error","message":{"data":{"age":"56","email":"zh887033@gmail.com","gender":"Male","name":"Zakir Hussain Ansari","password":"$2b$12$Nvg8wexSvYZjThWwRjwIu.Q7VFAGx5x8zKBUEPP3vsNVpxh3E4ZUG","phone":"7877138835","profileImageURL":"2024-01-15T20_18_39.369Z1628166046189.jpg"},"error":"E11000 duplicate key error collection: PostAway.users index: phone_1 dup key: { phone: \"7877138835\" }","time":"Tue Jan 16 2024 01:48:39 GMT+0530 (India Standard Time)","url":"/api/users/signUp"},"service":"user-service"}
{"level":"error","message":{"data":{"age":"55","email":"zh887033@gmail.com","gender":"Male","name":"Zakir Hussain","password":"$2b$12$xW1pvP.3QozCs.nsjeZZrenTQsFyOqiNsaRNwgjUNRUrRQBtyQUeO","phone":"9929711739","profileImageURL":"2024-01-15T20_23_28.545ZScreenshot (9).png"},"error":"E11000 duplicate key error collection: PostAway.users index: email_1 dup key: { email: \"zh887033@gmail.com\" }","time":"Tue Jan 16 2024 01:53:29 GMT+0530 (India Standard Time)","url":"/api/users/signUp"},"service":"user-service"}
{"level":"error","message":{"data":{},"error":"Invalid Credentials","time":"Wed Jan 17 2024 18:29:15 GMT+0530 (India Standard Time)","url":"/api/users/signIn"},"service":"user-service"}
{"level":"error","message":{"data":{},"error":"Invalid Credentials","time":"Wed Jan 17 2024 18:30:04 GMT+0530 (India Standard Time)","url":"/api/users/signIn"},"service":"user-service"}
{"level":"error","message":{"data":{},"error":"Invalid Credentials","time":"Wed Jan 17 2024 18:30:51 GMT+0530 (India Standard Time)","url":"/api/users/signIn"},"service":"user-service"}
{"level":"error","message":{"data":{},"error":"connect ECONNREFUSED 65.0.28.196:27017","time":"Thu Jan 18 2024 00:35:37 GMT+0530 (India Standard Time)","url":"/api/users/signIn"},"service":"user-service"}
{"level":"error","message":{"data":{},"error":"Invalid Credentials","time":"Thu Jan 18 2024 00:36:25 GMT+0530 (India Standard Time)","url":"/api/users/signIn"},"service":"user-service"}
